{"/home/guilherme/Documentos/Projetos-Pessoais/Gerenciador-Links/Back-End/src/app.ts":{"path":"/home/guilherme/Documentos/Projetos-Pessoais/Gerenciador-Links/Back-End/src/app.ts","statementMap":{"0":{"start":{"line":2,"column":22},"end":{"line":4,"column":1}},"1":{"start":{"line":3,"column":4},"end":{"line":3,"column":62}},"2":{"start":{"line":5,"column":0},"end":{"line":5,"column":62}},"3":{"start":{"line":6,"column":0},"end":{"line":6,"column":21}},"4":{"start":{"line":7,"column":15},"end":{"line":7,"column":47}},"5":{"start":{"line":8,"column":18},"end":{"line":8,"column":53}},"6":{"start":{"line":9,"column":0},"end":{"line":9,"column":32}},"7":{"start":{"line":10,"column":29},"end":{"line":10,"column":75}},"8":{"start":{"line":11,"column":27},"end":{"line":11,"column":85}},"9":{"start":{"line":12,"column":21},"end":{"line":12,"column":68}},"10":{"start":{"line":13,"column":22},"end":{"line":13,"column":70}},"11":{"start":{"line":14,"column":21},"end":{"line":14,"column":68}},"12":{"start":{"line":15,"column":27},"end":{"line":15,"column":73}},"13":{"start":{"line":18,"column":8},"end":{"line":18,"column":44}},"14":{"start":{"line":19,"column":8},"end":{"line":19,"column":47}},"15":{"start":{"line":20,"column":8},"end":{"line":20,"column":44}},"16":{"start":{"line":21,"column":8},"end":{"line":21,"column":44}},"17":{"start":{"line":22,"column":8},"end":{"line":22,"column":129}},"18":{"start":{"line":23,"column":8},"end":{"line":23,"column":43}},"19":{"start":{"line":24,"column":8},"end":{"line":24,"column":43}},"20":{"start":{"line":25,"column":8},"end":{"line":25,"column":49}},"21":{"start":{"line":28,"column":8},"end":{"line":28,"column":76}},"22":{"start":{"line":28,"column":36},"end":{"line":28,"column":74}},"23":{"start":{"line":31,"column":0},"end":{"line":31,"column":22}},"24":{"start":{"line":33,"column":0},"end":{"line":33,"column":28}}},"fnMap":{"0":{"name":"(anonymous_0)","decl":{"start":{"line":2,"column":56},"end":{"line":2,"column":57}},"loc":{"start":{"line":2,"column":71},"end":{"line":4,"column":1}},"line":2},"1":{"name":"(anonymous_1)","decl":{"start":{"line":17,"column":4},"end":{"line":17,"column":5}},"loc":{"start":{"line":17,"column":18},"end":{"line":26,"column":5}},"line":17},"2":{"name":"(anonymous_2)","decl":{"start":{"line":27,"column":4},"end":{"line":27,"column":5}},"loc":{"start":{"line":27,"column":16},"end":{"line":29,"column":5}},"line":27},"3":{"name":"(anonymous_3)","decl":{"start":{"line":28,"column":30},"end":{"line":28,"column":31}},"loc":{"start":{"line":28,"column":36},"end":{"line":28,"column":74}},"line":28}},"branchMap":{"0":{"loc":{"start":{"line":2,"column":22},"end":{"line":4,"column":1}},"type":"binary-expr","locations":[{"start":{"line":2,"column":23},"end":{"line":2,"column":27}},{"start":{"line":2,"column":31},"end":{"line":2,"column":51}},{"start":{"line":2,"column":56},"end":{"line":4,"column":1}}],"line":2},"1":{"loc":{"start":{"line":3,"column":11},"end":{"line":3,"column":61}},"type":"cond-expr","locations":[{"start":{"line":3,"column":37},"end":{"line":3,"column":40}},{"start":{"line":3,"column":43},"end":{"line":3,"column":61}}],"line":3},"2":{"loc":{"start":{"line":3,"column":12},"end":{"line":3,"column":33}},"type":"binary-expr","locations":[{"start":{"line":3,"column":12},"end":{"line":3,"column":15}},{"start":{"line":3,"column":19},"end":{"line":3,"column":33}}],"line":3}},"s":{"0":1,"1":8,"2":1,"3":1,"4":1,"5":1,"6":1,"7":1,"8":1,"9":1,"10":1,"11":1,"12":1,"13":1,"14":1,"15":1,"16":1,"17":1,"18":1,"19":1,"20":1,"21":0,"22":0,"23":1,"24":1},"f":{"0":8,"1":1,"2":0,"3":0},"b":{"0":[1,1,1],"1":[4,4],"2":[8,8]},"inputSourceMap":{"version":3,"file":"/home/guilherme/Documentos/Projetos-Pessoais/Gerenciador-Links/Back-End/src/app.ts","sources":["/home/guilherme/Documentos/Projetos-Pessoais/Gerenciador-Links/Back-End/src/app.ts"],"names":[],"mappings":";;;;;;AAAA,gDAAwB;AACxB,sDAA8B;AAC9B,gCAA8B;AAC9B,4EAA2C;AAC3C,sFAA6D;AAC7D,qEAA4C;AAC5C,uEAA8C;AAC9C,qEAA4C;AAC5C,0EAA6C;AAE7C,MAAqB,GAAG;IAGtB;QACE,IAAI,CAAC,GAAG,GAAG,IAAA,iBAAO,GAAE,CAAC;QACrB,IAAI,CAAC,GAAG,CAAC,GAAG,CAAC,iBAAO,CAAC,IAAI,EAAE,CAAC,CAAC;QAC7B,IAAI,CAAC,GAAG,CAAC,GAAG,CAAC,IAAA,cAAI,GAAE,CAAC,CAAC;QACrB,IAAI,CAAC,GAAG,CAAC,GAAG,CAAC,qBAAU,CAAC,CAAC;QAEzB,IAAI,CAAC,GAAG,CAAC,GAAG,CAAC,MAAM,EAAE,4BAAS,CAAC,KAAK,EAAE,4BAAS,CAAC,KAAK,CAAC,0BAAW,CAAC,CAAC,CAAC;QACpE,IAAI,CAAC,GAAG,CAAC,GAAG,CAAC,oBAAS,CAAC,CAAC;QACxB,IAAI,CAAC,GAAG,CAAC,GAAG,CAAC,oBAAS,CAAC,CAAC;QACxB,IAAI,CAAC,GAAG,CAAC,GAAG,CAAC,0BAAe,CAAC,CAAC;IAChC,CAAC;IAEM,KAAK,CAAC,IAAqB;QAChC,IAAI,CAAC,GAAG,CAAC,MAAM,CAAC,IAAI,EAAE,GAAG,EAAE,CAAC,OAAO,CAAC,GAAG,CAAC,mBAAmB,IAAI,EAAE,CAAC,CAAC,CAAC;IACtE,CAAC;CACF;AAlBD,sBAkBC;AAED,4BAA4B;AACb,WAAG,GAAK,IAAI,GAAG,EAAE,KAAC","sourcesContent":["import cors from 'cors';\nimport express from 'express';\nimport 'express-async-errors';\nimport swaggerUi from 'swagger-ui-express';\nimport errorMiddleware from './middlewares/error.middleware';\nimport linkRoute from './routes/link.route';\nimport loginRoute from './routes/login.route';\nimport userRoute from './routes/user.route';\nimport swaggerFile from './swaggerFile.json';\n\nexport default class App {\n  public app: express.Express;\n\n  constructor() {\n    this.app = express();\n    this.app.use(express.json());\n    this.app.use(cors());\n    this.app.use(loginRoute);\n\n    this.app.use('/doc', swaggerUi.serve, swaggerUi.setup(swaggerFile));\n    this.app.use(userRoute);\n    this.app.use(linkRoute);\n    this.app.use(errorMiddleware);\n  }\n\n  public start(PORT: string | number): void {\n    this.app.listen(PORT, () => console.log(`Running on port ${PORT}`));\n  }\n}\n\n// exportação para os testes\nexport const { app } = new App();"]},"_coverageSchema":"1a1c01bbd47fc00a2c39e90264f33305004495a9","hash":"da57693e21a411141853e539adefc0648241d9a8","contentHash":"abd785d8338af947175698bb044c7d9c6465ee87847afecf7eec32403e4d67fa"},"/home/guilherme/Documentos/Projetos-Pessoais/Gerenciador-Links/Back-End/src/middlewares/error.middleware.ts":{"path":"/home/guilherme/Documentos/Projetos-Pessoais/Gerenciador-Links/Back-End/src/middlewares/error.middleware.ts","statementMap":{"0":{"start":{"line":2,"column":0},"end":{"line":2,"column":62}},"1":{"start":{"line":3,"column":18},"end":{"line":3,"column":46}},"2":{"start":{"line":4,"column":24},"end":{"line":15,"column":1}},"3":{"start":{"line":5,"column":4},"end":{"line":7,"column":5}},"4":{"start":{"line":6,"column":8},"end":{"line":6,"column":60}},"5":{"start":{"line":8,"column":31},"end":{"line":8,"column":42}},"6":{"start":{"line":9,"column":24},"end":{"line":9,"column":66}},"7":{"start":{"line":10,"column":4},"end":{"line":13,"column":5}},"8":{"start":{"line":11,"column":40},"end":{"line":11,"column":51}},"9":{"start":{"line":12,"column":8},"end":{"line":12,"column":63}},"10":{"start":{"line":14,"column":4},"end":{"line":14,"column":56}},"11":{"start":{"line":16,"column":0},"end":{"line":16,"column":34}}},"fnMap":{"0":{"name":"(anonymous_0)","decl":{"start":{"line":4,"column":24},"end":{"line":4,"column":25}},"loc":{"start":{"line":4,"column":51},"end":{"line":15,"column":1}},"line":4}},"branchMap":{"0":{"loc":{"start":{"line":5,"column":4},"end":{"line":7,"column":5}},"type":"if","locations":[{"start":{"line":5,"column":4},"end":{"line":7,"column":5}},{"start":{"line":5,"column":4},"end":{"line":7,"column":5}}],"line":5},"1":{"loc":{"start":{"line":10,"column":4},"end":{"line":13,"column":5}},"type":"if","locations":[{"start":{"line":10,"column":4},"end":{"line":13,"column":5}},{"start":{"line":10,"column":4},"end":{"line":13,"column":5}}],"line":10}},"s":{"0":1,"1":1,"2":1,"3":6,"4":3,"5":3,"6":3,"7":3,"8":3,"9":3,"10":0,"11":1},"f":{"0":6},"b":{"0":[3,3],"1":[3,0]},"inputSourceMap":{"version":3,"file":"/home/guilherme/Documentos/Projetos-Pessoais/Gerenciador-Links/Back-End/src/middlewares/error.middleware.ts","sources":["/home/guilherme/Documentos/Projetos-Pessoais/Gerenciador-Links/Back-End/src/middlewares/error.middleware.ts"],"names":[],"mappings":";;AACA,+CAA6D;AAE7D,MAAM,eAAe,GAAwB,CAAC,GAAU,EAAE,IAAI,EAAE,GAAG,EAAE,KAAK,EAAE,EAAE;IAC5E,IAAI,GAAG,CAAC,IAAI,KAAK,iBAAiB,EAAE;QAClC,OAAO,GAAG,CAAC,MAAM,CAAC,GAAG,CAAC,CAAC,IAAI,CAAC,EAAE,KAAK,EAAE,GAAG,CAAC,OAAO,EAAE,CAAC,CAAC;KACrD;IAED,MAAM,kBAAkB,GAAG,GAAG,CAAC,OAAkC,CAAC;IAClE,MAAM,WAAW,GAAG,sBAAY,CAAC,kBAAkB,CAAC,CAAC;IAErD,IAAI,WAAW,EAAE;QACf,MAAM,EAAE,UAAU,EAAE,OAAO,EAAE,GAAG,WAAW,CAAC;QAC5C,OAAO,GAAG,CAAC,MAAM,CAAC,UAAU,CAAC,CAAC,IAAI,CAAC,EAAE,KAAK,EAAE,OAAO,EAAE,CAAC,CAAC;KACxD;IAED,OAAO,GAAG,CAAC,MAAM,CAAC,GAAG,CAAC,CAAC,IAAI,CAAC,EAAE,KAAK,EAAE,GAAG,CAAC,OAAO,EAAE,CAAC,CAAC;AACtD,CAAC,CAAC;AAEF,kBAAe,eAAe,CAAC","sourcesContent":["import { ErrorRequestHandler } from 'express';\nimport { errorCatalog, ErrorTypes } from '../errors/catalog';\n\nconst errorMiddleware: ErrorRequestHandler = (err: Error, _req, res, _next) => {\n  if (err.name === 'ValidationError') {\n    return res.status(400).json({ error: err.message });\n  }\n\n  const messageAsErrorType = err.message as keyof typeof ErrorTypes;\n  const mappedError = errorCatalog[messageAsErrorType];\n\n  if (mappedError) {\n    const { httpStatus, message } = mappedError;\n    return res.status(httpStatus).json({ error: message });\n  }\n\n  return res.status(500).json({ error: err.message });\n};\n\nexport default errorMiddleware;"]},"_coverageSchema":"1a1c01bbd47fc00a2c39e90264f33305004495a9","hash":"bb2ae03ee9b6200014abbbcc0e0d794c6ca941c1","contentHash":"893247587cd2810c72557e719fcd449810b6389f4cb3722f6e75c69d83935a2b"},"/home/guilherme/Documentos/Projetos-Pessoais/Gerenciador-Links/Back-End/src/errors/catalog.ts":{"path":"/home/guilherme/Documentos/Projetos-Pessoais/Gerenciador-Links/Back-End/src/errors/catalog.ts","statementMap":{"0":{"start":{"line":2,"column":0},"end":{"line":2,"column":62}},"1":{"start":{"line":3,"column":0},"end":{"line":3,"column":51}},"2":{"start":{"line":5,"column":0},"end":{"line":11,"column":65}},"3":{"start":{"line":6,"column":4},"end":{"line":6,"column":52}},"4":{"start":{"line":7,"column":4},"end":{"line":7,"column":42}},"5":{"start":{"line":8,"column":4},"end":{"line":8,"column":50}},"6":{"start":{"line":9,"column":4},"end":{"line":9,"column":58}},"7":{"start":{"line":10,"column":4},"end":{"line":10,"column":62}},"8":{"start":{"line":12,"column":0},"end":{"line":33,"column":2}}},"fnMap":{"0":{"name":"(anonymous_0)","decl":{"start":{"line":5,"column":1},"end":{"line":5,"column":2}},"loc":{"start":{"line":5,"column":23},"end":{"line":11,"column":1}},"line":5}},"branchMap":{"0":{"loc":{"start":{"line":11,"column":16},"end":{"line":11,"column":63}},"type":"binary-expr","locations":[{"start":{"line":11,"column":16},"end":{"line":11,"column":34}},{"start":{"line":11,"column":39},"end":{"line":11,"column":62}}],"line":11}},"s":{"0":1,"1":1,"2":1,"3":1,"4":1,"5":1,"6":1,"7":1,"8":1},"f":{"0":1},"b":{"0":[1,1]},"inputSourceMap":{"version":3,"file":"/home/guilherme/Documentos/Projetos-Pessoais/Gerenciador-Links/Back-End/src/errors/catalog.ts","sources":["/home/guilherme/Documentos/Projetos-Pessoais/Gerenciador-Links/Back-End/src/errors/catalog.ts"],"names":[],"mappings":";;;AAAA,IAAY,UAMX;AAND,WAAY,UAAU;IACpB,+CAAiC,CAAA;IACjC,qCAAuB,CAAA;IACvB,6CAA+B,CAAA;IAC/B,qDAAuC,CAAA;IACvC,yDAA2C,CAAA;AAC7C,CAAC,EANW,UAAU,GAAV,kBAAU,KAAV,kBAAU,QAMrB;AAWY,QAAA,YAAY,GAAiB;IACxC,cAAc,EAAE;QACd,OAAO,EAAE,kBAAkB;QAC3B,UAAU,EAAE,GAAG;KAChB;IACD,SAAS,EAAE;QACT,OAAO,EAAE,cAAc;QACvB,UAAU,EAAE,GAAG;KAChB;IACD,aAAa,EAAE;QACb,OAAO,EAAE,iBAAiB;QAC1B,UAAU,EAAE,GAAG;KAChB;IACD,mBAAmB,EAAE;QACnB,OAAO,EAAE,sBAAsB;QAC/B,UAAU,EAAE,GAAG;KAChB;IACD,iBAAiB,EAAE;QACjB,OAAO,EAAE,qBAAqB;QAC9B,UAAU,EAAE,GAAG;KAChB;CACF,CAAC","sourcesContent":["export enum ErrorTypes {\n  EntityNotFound = 'EntityNotFound',\n  InvalidId = 'InvalidId',\n  TokenNotFound = 'TokenNotFound',\n  UserAlreadyExists = 'UserAlreadyExists',\n  EntityAlreadyExists = 'EntityAlreadyExists',\n}\n\ntype ErrorResponseObject = {\n  message: string;\n  httpStatus: number;\n};\n\nexport type ErrorCatalog = {\n  [key in ErrorTypes]: ErrorResponseObject\n};\n\nexport const errorCatalog: ErrorCatalog = {\n  EntityNotFound: {\n    message: 'Object not found',\n    httpStatus: 404,\n  },\n  InvalidId: {\n    message: 'ID not found',\n    httpStatus: 400,\n  },\n  TokenNotFound: {\n    message: 'Token not found',\n    httpStatus: 400,\n  },\n  EntityAlreadyExists: {\n    message: 'Label already exists',\n    httpStatus: 400,\n  },\n  UserAlreadyExists: {\n    message: 'User already exists',\n    httpStatus: 400,\n  },\n};\n"]},"_coverageSchema":"1a1c01bbd47fc00a2c39e90264f33305004495a9","hash":"2e1a80fc12dcc597c9a45eb14691ec230140f563","contentHash":"47f3da0269f3bee527ca0911133f0586dbd5e9c0944dd2cda28975c034d43e8b"},"/home/guilherme/Documentos/Projetos-Pessoais/Gerenciador-Links/Back-End/src/routes/link.route.ts":{"path":"/home/guilherme/Documentos/Projetos-Pessoais/Gerenciador-Links/Back-End/src/routes/link.route.ts","statementMap":{"0":{"start":{"line":2,"column":22},"end":{"line":4,"column":1}},"1":{"start":{"line":3,"column":4},"end":{"line":3,"column":62}},"2":{"start":{"line":5,"column":0},"end":{"line":5,"column":62}},"3":{"start":{"line":6,"column":18},"end":{"line":6,"column":36}},"4":{"start":{"line":7,"column":25},"end":{"line":7,"column":82}},"5":{"start":{"line":8,"column":26},"end":{"line":8,"column":84}},"6":{"start":{"line":9,"column":22},"end":{"line":9,"column":73}},"7":{"start":{"line":10,"column":23},"end":{"line":10,"column":75}},"8":{"start":{"line":11,"column":21},"end":{"line":11,"column":49}},"9":{"start":{"line":12,"column":24},"end":{"line":12,"column":67}},"10":{"start":{"line":13,"column":18},"end":{"line":13,"column":41}},"11":{"start":{"line":14,"column":20},"end":{"line":14,"column":47}},"12":{"start":{"line":15,"column":23},"end":{"line":15,"column":64}},"13":{"start":{"line":16,"column":0},"end":{"line":28,"column":58}},"14":{"start":{"line":28,"column":0},"end":{"line":28,"column":55}},"15":{"start":{"line":29,"column":0},"end":{"line":40,"column":34}},"16":{"start":{"line":40,"column":0},"end":{"line":40,"column":31}},"17":{"start":{"line":41,"column":0},"end":{"line":48,"column":32}},"18":{"start":{"line":48,"column":0},"end":{"line":48,"column":29}},"19":{"start":{"line":49,"column":0},"end":{"line":58,"column":35}},"20":{"start":{"line":58,"column":0},"end":{"line":58,"column":32}},"21":{"start":{"line":59,"column":0},"end":{"line":72,"column":34}},"22":{"start":{"line":72,"column":0},"end":{"line":72,"column":31}},"23":{"start":{"line":73,"column":0},"end":{"line":80,"column":34}},"24":{"start":{"line":80,"column":0},"end":{"line":80,"column":31}},"25":{"start":{"line":81,"column":0},"end":{"line":81,"column":28}}},"fnMap":{"0":{"name":"(anonymous_0)","decl":{"start":{"line":2,"column":56},"end":{"line":2,"column":57}},"loc":{"start":{"line":2,"column":71},"end":{"line":4,"column":1}},"line":2},"1":{"name":"(anonymous_1)","decl":{"start":{"line":16,"column":14},"end":{"line":16,"column":15}},"loc":{"start":{"line":28,"column":0},"end":{"line":28,"column":55}},"line":28},"2":{"name":"(anonymous_2)","decl":{"start":{"line":29,"column":24},"end":{"line":29,"column":25}},"loc":{"start":{"line":40,"column":0},"end":{"line":40,"column":31}},"line":40},"3":{"name":"(anonymous_3)","decl":{"start":{"line":41,"column":23},"end":{"line":41,"column":24}},"loc":{"start":{"line":48,"column":0},"end":{"line":48,"column":29}},"line":48},"4":{"name":"(anonymous_4)","decl":{"start":{"line":49,"column":27},"end":{"line":49,"column":28}},"loc":{"start":{"line":58,"column":0},"end":{"line":58,"column":32}},"line":58},"5":{"name":"(anonymous_5)","decl":{"start":{"line":59,"column":27},"end":{"line":59,"column":28}},"loc":{"start":{"line":72,"column":0},"end":{"line":72,"column":31}},"line":72},"6":{"name":"(anonymous_6)","decl":{"start":{"line":73,"column":30},"end":{"line":73,"column":31}},"loc":{"start":{"line":80,"column":0},"end":{"line":80,"column":31}},"line":80}},"branchMap":{"0":{"loc":{"start":{"line":2,"column":22},"end":{"line":4,"column":1}},"type":"binary-expr","locations":[{"start":{"line":2,"column":23},"end":{"line":2,"column":27}},{"start":{"line":2,"column":31},"end":{"line":2,"column":51}},{"start":{"line":2,"column":56},"end":{"line":4,"column":1}}],"line":2},"1":{"loc":{"start":{"line":3,"column":11},"end":{"line":3,"column":61}},"type":"cond-expr","locations":[{"start":{"line":3,"column":37},"end":{"line":3,"column":40}},{"start":{"line":3,"column":43},"end":{"line":3,"column":61}}],"line":3},"2":{"loc":{"start":{"line":3,"column":12},"end":{"line":3,"column":33}},"type":"binary-expr","locations":[{"start":{"line":3,"column":12},"end":{"line":3,"column":15}},{"start":{"line":3,"column":19},"end":{"line":3,"column":33}}],"line":3}},"s":{"0":1,"1":4,"2":1,"3":1,"4":1,"5":1,"6":1,"7":1,"8":1,"9":1,"10":1,"11":1,"12":1,"13":1,"14":0,"15":1,"16":0,"17":1,"18":0,"19":1,"20":0,"21":1,"22":0,"23":1,"24":0,"25":1},"f":{"0":4,"1":0,"2":0,"3":0,"4":0,"5":0,"6":0},"b":{"0":[1,1,1],"1":[4,0],"2":[4,4]},"inputSourceMap":{"version":3,"file":"/home/guilherme/Documentos/Projetos-Pessoais/Gerenciador-Links/Back-End/src/routes/link.route.ts","sources":["/home/guilherme/Documentos/Projetos-Pessoais/Gerenciador-Links/Back-End/src/routes/link.route.ts"],"names":[],"mappings":";;;;;AAAA,qCAAiC;AACjC,mFAA2D;AAC3D,qFAA6D;AAC7D,0EAAkD;AAClD,4EAAoD;AAEpD,MAAM,YAAY,GAAG,IAAI,sBAAY,EAAE,CAAC;AACxC,MAAM,eAAe,GAAG,IAAI,yBAAe,CAAC,YAAY,CAAC,CAAC;AAE1D,MAAM,SAAS,GAAG,IAAA,gBAAM,GAAE,CAAC;AAC3B,MAAM,WAAW,GAAG,IAAI,qBAAW,EAAE,CAAC;AACtC,MAAM,cAAc,GAAG,IAAI,wBAAc,CAAC,WAAW,CAAC,CAAC;AAEvD,SAAS,CAAC,GAAG,CAAC,CAAC,GAAG,EAAE,GAAG,EAAE,IAAI,EAAE,EAAE,CAAC;AAChC;;;;;;;;;;EAUE;AACF,eAAe,CAAC,uBAAuB,CAAC,GAAG,EAAE,GAAG,EAAE,IAAI,CAAC,CACxD,CAAC,CAAC;AAEH,SAAS,CAAC,IAAI,CAAC,OAAO,EAAE,CAAC,GAAG,EAAE,GAAG,EAAE,EAAE,CAAC;AACpC;;;;;;;;;IASI;AACJ,cAAc,CAAC,MAAM,CAAC,GAAG,EAAE,GAAG,CAAC,CAChC,CAAC,CAAC;AAEH,SAAS,CAAC,GAAG,CAAC,OAAO,EAAE,CAAC,GAAG,EAAE,GAAG,EAAE,EAAE,CAAC;AACnC;;;;;IAKI;AACJ,cAAc,CAAC,IAAI,CAAC,GAAG,EAAE,GAAG,CAAC,CAC9B,CAAC,CAAC;AAEH,SAAS,CAAC,GAAG,CAAC,WAAW,EAAE,CAAC,GAAG,EAAE,GAAG,EAAE,EAAE,CAAC;AACvC;;;;;;;EAOE;AACF,cAAc,CAAC,OAAO,CAAC,GAAG,EAAE,GAAG,CAAC,CACjC,CAAC,CAAC;AAEH,SAAS,CAAC,GAAG,CAAC,WAAW,EAAE,CAAC,GAAG,EAAE,GAAG,EAAE,EAAE,CAAC;AACvC;;;;;;;;;;;IAWI;AACJ,cAAc,CAAC,MAAM,CAAC,GAAG,EAAE,GAAG,CAAC,CAChC,CAAC,CAAC;AAEH,SAAS,CAAC,MAAM,CAAC,WAAW,EAAE,CAAC,GAAG,EAAE,GAAG,EAAE,EAAE,CAAC;AAC1C;;;;;IAKI;AACJ,cAAc,CAAC,MAAM,CAAC,GAAG,EAAE,GAAG,CAAC,CAChC,CAAC,CAAC;AAEH,kBAAe,SAAS,CAAC","sourcesContent":["import { Router } from 'express';\nimport LinkController from '../controllers/linkController';\nimport LoginController from '../controllers/loginController';\nimport LinkService from '../services/LinkService';\nimport LoginService from '../services/LoginService';\n\nconst loginService = new LoginService();\nconst loginController = new LoginController(loginService);\n\nconst linkRoute = Router();\nconst linkService = new LinkService();\nconst linkController = new LinkController(linkService);\n\nlinkRoute.use((req, res, next) => (\n  /*\n  #swagger.tags = ['Link']\n  #swagger.parameters['obj'] = {\n    name: \"authorization\",\n    in: \"header\",\n    type: \"string\"\n  }\n  #swagger.security = [{\n    \"bearerAuth\": []\n  }]\n  */\n  loginController.validationAuthenticator(req, res, next)\n));\n\nlinkRoute.post('/link', (req, res) => (\n  /*\n  #swagger.description = 'Endpoint para cadastrar um novo link.'\n  #swagger.parameters['obj'] = {\n    in: 'body',\n    schema: { $ref: '#/definitions/CreateLink' }\n  }\n  #swagger.responses[201] = {\n    description: 'Link criado com sucesso.',\n    schema: { $ref: '#/definitions/Link' }\n  } */\n  linkController.create(req, res)\n));\n\nlinkRoute.get('/link', (req, res) => (\n  /*\n  #swagger.description = 'Endpoint para obter todos os links.'\n  #swagger.responses[200] = {\n    description: 'Listagem de links obtida com sucesso.',\n    schema: { $ref: '#/definitions/LinkArray' }\n  } */\n  linkController.read(req, res)\n));\n\nlinkRoute.get('/link/:id', (req, res) => (\n  /*\n  #swagger.description = 'Endpoint para obter um link específico através do ID.'\n  #swagger.parameters['id'] = { description: 'ID do link.' }\n  #swagger.responses[200] = {\n    description: 'Link obtido com sucesso.',\n    schema: { $ref: '#/definitions/Link' }\n  }\n  */\n  linkController.readOne(req, res)\n));\n\nlinkRoute.put('/link/:id', (req, res) => (\n  /*\n  #swagger.description = 'Endpoint para atualizar os dados de um link.'\n  #swagger.parameters['id'] = { description: 'ID do link.' }\n  #swagger.parameters['obj'] = {\n      in: 'body',\n      type: 'object',\n      schema: { $ref: '#/definitions/CreateLink' }\n  }\n  #swagger.responses[200] = {\n    description: 'Link editado com sucesso.',\n    schema: { $ref: '#/definitions/Link' }\n  } */\n  linkController.update(req, res)\n));\n\nlinkRoute.delete('/link/:id', (req, res) => (\n  /*\n  #swagger.description = 'Endpoint para deletar um link.'\n  #swagger.parameters['id'] = { description: 'ID do link.' }\n  #swagger.responses[204] = {\n    description: 'Link deletado com sucesso.',\n  } */\n  linkController.delete(req, res)\n));\n\nexport default linkRoute;"]},"_coverageSchema":"1a1c01bbd47fc00a2c39e90264f33305004495a9","hash":"e4af16d89bb7450ae3838dded332255fb4e4d129","contentHash":"e7cb256d415513e57e18c2c70e9bc0a2b2f36b1489f18c0956d539e2e5f94118"},"/home/guilherme/Documentos/Projetos-Pessoais/Gerenciador-Links/Back-End/src/controllers/linkController.ts":{"path":"/home/guilherme/Documentos/Projetos-Pessoais/Gerenciador-Links/Back-End/src/controllers/linkController.ts","statementMap":{"0":{"start":{"line":2,"column":22},"end":{"line":4,"column":1}},"1":{"start":{"line":3,"column":4},"end":{"line":3,"column":62}},"2":{"start":{"line":5,"column":0},"end":{"line":5,"column":62}},"3":{"start":{"line":6,"column":21},"end":{"line":6,"column":71}},"4":{"start":{"line":7,"column":29},"end":{"line":7,"column":77}},"5":{"start":{"line":10,"column":8},"end":{"line":10,"column":23}},"6":{"start":{"line":13,"column":34},"end":{"line":13,"column":45}},"7":{"start":{"line":14,"column":21},"end":{"line":14,"column":70}},"8":{"start":{"line":15,"column":20},"end":{"line":15,"column":53}},"9":{"start":{"line":16,"column":8},"end":{"line":16,"column":41}},"10":{"start":{"line":19,"column":0},"end":{"line":19,"column":33}}},"fnMap":{"0":{"name":"(anonymous_0)","decl":{"start":{"line":2,"column":56},"end":{"line":2,"column":57}},"loc":{"start":{"line":2,"column":71},"end":{"line":4,"column":1}},"line":2},"1":{"name":"(anonymous_1)","decl":{"start":{"line":9,"column":4},"end":{"line":9,"column":5}},"loc":{"start":{"line":9,"column":25},"end":{"line":11,"column":5}},"line":9},"2":{"name":"(anonymous_2)","decl":{"start":{"line":12,"column":4},"end":{"line":12,"column":5}},"loc":{"start":{"line":12,"column":25},"end":{"line":17,"column":5}},"line":12}},"branchMap":{"0":{"loc":{"start":{"line":2,"column":22},"end":{"line":4,"column":1}},"type":"binary-expr","locations":[{"start":{"line":2,"column":23},"end":{"line":2,"column":27}},{"start":{"line":2,"column":31},"end":{"line":2,"column":51}},{"start":{"line":2,"column":56},"end":{"line":4,"column":1}}],"line":2},"1":{"loc":{"start":{"line":3,"column":11},"end":{"line":3,"column":61}},"type":"cond-expr","locations":[{"start":{"line":3,"column":37},"end":{"line":3,"column":40}},{"start":{"line":3,"column":43},"end":{"line":3,"column":61}}],"line":3},"2":{"loc":{"start":{"line":3,"column":12},"end":{"line":3,"column":33}},"type":"binary-expr","locations":[{"start":{"line":3,"column":12},"end":{"line":3,"column":15}},{"start":{"line":3,"column":19},"end":{"line":3,"column":33}}],"line":3}},"s":{"0":1,"1":2,"2":1,"3":1,"4":1,"5":1,"6":0,"7":0,"8":0,"9":0,"10":1},"f":{"0":2,"1":1,"2":0},"b":{"0":[1,1,1],"1":[2,0],"2":[2,2]},"inputSourceMap":{"version":3,"file":"/home/guilherme/Documentos/Projetos-Pessoais/Gerenciador-Links/Back-End/src/controllers/linkController.ts","sources":["/home/guilherme/Documentos/Projetos-Pessoais/Gerenciador-Links/Back-End/src/controllers/linkController.ts"],"names":[],"mappings":";;;;;AAGA,wEAAgD;AAChD,8EAAsD;AAEtD,MAAqB,cAAe,SAAQ,4BAAyB;IACnE,YAAmB,OAAwB;QACzC,KAAK,CAAC,OAAO,CAAC,CAAC;IACjB,CAAC;IAEM,KAAK,CAAC,IAAI,CAAC,GAAY,EAAE,GAAa;QAC3C,MAAM,EAAE,aAAa,EAAE,GAAG,GAAG,CAAC,OAAO,CAAC;QAEtC,MAAM,IAAI,GAAG,oBAAU,CAAC,aAAa,CAAC,aAAuB,CAAC,CAAC;QAC/D,MAAM,GAAG,GAAG,MAAM,IAAI,CAAC,QAAQ,CAAC,IAAI,CAAC,IAAI,CAAC,EAAE,CAAC,CAAC;QAE9C,OAAO,GAAG,CAAC,MAAM,CAAC,GAAG,CAAC,CAAC,IAAI,CAAC,GAAG,CAAC,CAAC;IACnC,CAAC;CACF;AAbD,iCAaC","sourcesContent":["import { Request, Response } from 'express';\nimport ILink from '../interfaces/ILink';\nimport IService from '../interfaces/IService';\nimport JwtService from '../services/JwtService';\nimport AbstractController from './abstractController';\n\nexport default class LinkController extends AbstractController<ILink> {\n  public constructor(service: IService<ILink>) {\n    super(service);\n  }\n\n  public async read(req: Request, res: Response) {\n    const { authorization } = req.headers;\n\n    const data = JwtService.validateToken(authorization as string);\n    const obj = await this._service.read(data.id);\n\n    return res.status(200).json(obj);\n  }\n}"]},"_coverageSchema":"1a1c01bbd47fc00a2c39e90264f33305004495a9","hash":"973f1f49de84047788750e11d9f3813c66340870","contentHash":"aca05e46c45a625ade778635e2ad735a90ad59d12090426f35dda1e0927d07ad"},"/home/guilherme/Documentos/Projetos-Pessoais/Gerenciador-Links/Back-End/src/services/JwtService.ts":{"path":"/home/guilherme/Documentos/Projetos-Pessoais/Gerenciador-Links/Back-End/src/services/JwtService.ts","statementMap":{"0":{"start":{"line":2,"column":22},"end":{"line":12,"column":3}},"1":{"start":{"line":3,"column":4},"end":{"line":3,"column":33}},"2":{"start":{"line":3,"column":26},"end":{"line":3,"column":33}},"3":{"start":{"line":4,"column":15},"end":{"line":4,"column":52}},"4":{"start":{"line":5,"column":4},"end":{"line":7,"column":5}},"5":{"start":{"line":6,"column":6},"end":{"line":6,"column":68}},"6":{"start":{"line":6,"column":51},"end":{"line":6,"column":63}},"7":{"start":{"line":8,"column":4},"end":{"line":8,"column":39}},"8":{"start":{"line":10,"column":4},"end":{"line":10,"column":33}},"9":{"start":{"line":10,"column":26},"end":{"line":10,"column":33}},"10":{"start":{"line":11,"column":4},"end":{"line":11,"column":17}},"11":{"start":{"line":13,"column":25},"end":{"line":17,"column":2}},"12":{"start":{"line":14,"column":4},"end":{"line":14,"column":72}},"13":{"start":{"line":16,"column":4},"end":{"line":16,"column":21}},"14":{"start":{"line":18,"column":19},"end":{"line":24,"column":1}},"15":{"start":{"line":19,"column":4},"end":{"line":19,"column":42}},"16":{"start":{"line":19,"column":31},"end":{"line":19,"column":42}},"17":{"start":{"line":20,"column":17},"end":{"line":20,"column":19}},"18":{"start":{"line":21,"column":4},"end":{"line":21,"column":141}},"19":{"start":{"line":21,"column":21},"end":{"line":21,"column":141}},"20":{"start":{"line":21,"column":40},"end":{"line":21,"column":141}},"21":{"start":{"line":21,"column":109},"end":{"line":21,"column":141}},"22":{"start":{"line":22,"column":4},"end":{"line":22,"column":36}},"23":{"start":{"line":23,"column":4},"end":{"line":23,"column":18}},"24":{"start":{"line":25,"column":0},"end":{"line":25,"column":62}},"25":{"start":{"line":26,"column":0},"end":{"line":26,"column":25}},"26":{"start":{"line":27,"column":12},"end":{"line":27,"column":49}},"27":{"start":{"line":30,"column":23},"end":{"line":30,"column":45}},"28":{"start":{"line":31,"column":8},"end":{"line":31,"column":41}},"29":{"start":{"line":34,"column":8},"end":{"line":41,"column":9}},"30":{"start":{"line":35,"column":27},"end":{"line":35,"column":49}},"31":{"start":{"line":36,"column":25},"end":{"line":36,"column":50}},"32":{"start":{"line":37,"column":12},"end":{"line":37,"column":24}},"33":{"start":{"line":40,"column":12},"end":{"line":40,"column":45}},"34":{"start":{"line":44,"column":0},"end":{"line":44,"column":29}}},"fnMap":{"0":{"name":"(anonymous_0)","decl":{"start":{"line":2,"column":74},"end":{"line":2,"column":75}},"loc":{"start":{"line":2,"column":96},"end":{"line":9,"column":1}},"line":2},"1":{"name":"(anonymous_1)","decl":{"start":{"line":6,"column":38},"end":{"line":6,"column":39}},"loc":{"start":{"line":6,"column":49},"end":{"line":6,"column":65}},"line":6},"2":{"name":"(anonymous_2)","decl":{"start":{"line":9,"column":6},"end":{"line":9,"column":7}},"loc":{"start":{"line":9,"column":28},"end":{"line":12,"column":1}},"line":9},"3":{"name":"(anonymous_3)","decl":{"start":{"line":13,"column":80},"end":{"line":13,"column":81}},"loc":{"start":{"line":13,"column":95},"end":{"line":15,"column":1}},"line":13},"4":{"name":"(anonymous_4)","decl":{"start":{"line":15,"column":5},"end":{"line":15,"column":6}},"loc":{"start":{"line":15,"column":20},"end":{"line":17,"column":1}},"line":15},"5":{"name":"(anonymous_5)","decl":{"start":{"line":18,"column":50},"end":{"line":18,"column":51}},"loc":{"start":{"line":18,"column":65},"end":{"line":24,"column":1}},"line":18},"6":{"name":"(anonymous_6)","decl":{"start":{"line":29,"column":4},"end":{"line":29,"column":5}},"loc":{"start":{"line":29,"column":25},"end":{"line":32,"column":5}},"line":29},"7":{"name":"(anonymous_7)","decl":{"start":{"line":33,"column":4},"end":{"line":33,"column":5}},"loc":{"start":{"line":33,"column":32},"end":{"line":42,"column":5}},"line":33}},"branchMap":{"0":{"loc":{"start":{"line":2,"column":22},"end":{"line":12,"column":3}},"type":"binary-expr","locations":[{"start":{"line":2,"column":23},"end":{"line":2,"column":27}},{"start":{"line":2,"column":31},"end":{"line":2,"column":51}},{"start":{"line":2,"column":57},"end":{"line":12,"column":2}}],"line":2},"1":{"loc":{"start":{"line":2,"column":57},"end":{"line":12,"column":2}},"type":"cond-expr","locations":[{"start":{"line":2,"column":74},"end":{"line":9,"column":1}},{"start":{"line":9,"column":6},"end":{"line":12,"column":1}}],"line":2},"2":{"loc":{"start":{"line":3,"column":4},"end":{"line":3,"column":33}},"type":"if","locations":[{"start":{"line":3,"column":4},"end":{"line":3,"column":33}},{"start":{"line":3,"column":4},"end":{"line":3,"column":33}}],"line":3},"3":{"loc":{"start":{"line":5,"column":4},"end":{"line":7,"column":5}},"type":"if","locations":[{"start":{"line":5,"column":4},"end":{"line":7,"column":5}},{"start":{"line":5,"column":4},"end":{"line":7,"column":5}}],"line":5},"4":{"loc":{"start":{"line":5,"column":8},"end":{"line":5,"column":85}},"type":"binary-expr","locations":[{"start":{"line":5,"column":8},"end":{"line":5,"column":13}},{"start":{"line":5,"column":18},"end":{"line":5,"column":84}}],"line":5},"5":{"loc":{"start":{"line":5,"column":18},"end":{"line":5,"column":84}},"type":"cond-expr","locations":[{"start":{"line":5,"column":34},"end":{"line":5,"column":47}},{"start":{"line":5,"column":50},"end":{"line":5,"column":84}}],"line":5},"6":{"loc":{"start":{"line":5,"column":50},"end":{"line":5,"column":84}},"type":"binary-expr","locations":[{"start":{"line":5,"column":50},"end":{"line":5,"column":63}},{"start":{"line":5,"column":67},"end":{"line":5,"column":84}}],"line":5},"7":{"loc":{"start":{"line":10,"column":4},"end":{"line":10,"column":33}},"type":"if","locations":[{"start":{"line":10,"column":4},"end":{"line":10,"column":33}},{"start":{"line":10,"column":4},"end":{"line":10,"column":33}}],"line":10},"8":{"loc":{"start":{"line":13,"column":25},"end":{"line":17,"column":2}},"type":"binary-expr","locations":[{"start":{"line":13,"column":26},"end":{"line":13,"column":30}},{"start":{"line":13,"column":34},"end":{"line":13,"column":57}},{"start":{"line":13,"column":63},"end":{"line":17,"column":1}}],"line":13},"9":{"loc":{"start":{"line":13,"column":63},"end":{"line":17,"column":1}},"type":"cond-expr","locations":[{"start":{"line":13,"column":80},"end":{"line":15,"column":1}},{"start":{"line":15,"column":5},"end":{"line":17,"column":1}}],"line":13},"10":{"loc":{"start":{"line":18,"column":19},"end":{"line":24,"column":1}},"type":"binary-expr","locations":[{"start":{"line":18,"column":20},"end":{"line":18,"column":24}},{"start":{"line":18,"column":28},"end":{"line":18,"column":45}},{"start":{"line":18,"column":50},"end":{"line":24,"column":1}}],"line":18},"11":{"loc":{"start":{"line":19,"column":4},"end":{"line":19,"column":42}},"type":"if","locations":[{"start":{"line":19,"column":4},"end":{"line":19,"column":42}},{"start":{"line":19,"column":4},"end":{"line":19,"column":42}}],"line":19},"12":{"loc":{"start":{"line":19,"column":8},"end":{"line":19,"column":29}},"type":"binary-expr","locations":[{"start":{"line":19,"column":8},"end":{"line":19,"column":11}},{"start":{"line":19,"column":15},"end":{"line":19,"column":29}}],"line":19},"13":{"loc":{"start":{"line":21,"column":4},"end":{"line":21,"column":141}},"type":"if","locations":[{"start":{"line":21,"column":4},"end":{"line":21,"column":141}},{"start":{"line":21,"column":4},"end":{"line":21,"column":141}}],"line":21},"14":{"loc":{"start":{"line":21,"column":40},"end":{"line":21,"column":141}},"type":"if","locations":[{"start":{"line":21,"column":40},"end":{"line":21,"column":141}},{"start":{"line":21,"column":40},"end":{"line":21,"column":141}}],"line":21},"15":{"loc":{"start":{"line":21,"column":44},"end":{"line":21,"column":107}},"type":"binary-expr","locations":[{"start":{"line":21,"column":44},"end":{"line":21,"column":59}},{"start":{"line":21,"column":63},"end":{"line":21,"column":107}}],"line":21}},"s":{"0":1,"1":6,"2":6,"3":6,"4":6,"5":6,"6":0,"7":6,"8":0,"9":0,"10":0,"11":1,"12":1,"13":0,"14":1,"15":1,"16":0,"17":1,"18":1,"19":1,"20":6,"21":6,"22":1,"23":1,"24":1,"25":1,"26":1,"27":0,"28":0,"29":0,"30":0,"31":0,"32":0,"33":0,"34":1},"f":{"0":6,"1":0,"2":0,"3":1,"4":0,"5":1,"6":0,"7":0},"b":{"0":[1,1,1],"1":[1,0],"2":[6,0],"3":[6,0],"4":[6,6],"5":[0,6],"6":[6,0],"7":[0,0],"8":[1,1,1],"9":[1,0],"10":[1,1,1],"11":[0,1],"12":[1,1],"13":[1,0],"14":[6,0],"15":[6,6]},"inputSourceMap":{"version":3,"file":"/home/guilherme/Documentos/Projetos-Pessoais/Gerenciador-Links/Back-End/src/services/JwtService.ts","sources":["/home/guilherme/Documentos/Projetos-Pessoais/Gerenciador-Links/Back-End/src/services/JwtService.ts"],"names":[],"mappings":";;;;;;;;;;;;;;;;;;;;;;;;;AAAA,yBAAuB;AACvB,kDAAoC;AAEpC,MAAqB,UAAU;IAC7B,MAAM,CAAC,IAAI,CAAC,OAAsC;QAChD,MAAM,MAAM,GAAG,OAAO,CAAC,GAAG,CAAC,UAAoB,CAAC;QAChD,OAAO,GAAG,CAAC,IAAI,CAAC,OAAO,EAAE,MAAM,CAAC,CAAC;IACnC,CAAC;IAED,MAAM,CAAC,aAAa,CAAC,KAAa;QAChC,IAAI;YACF,MAAM,MAAM,GAAG,OAAO,CAAC,GAAG,CAAC,UAAoB,CAAC;YAChD,MAAM,IAAI,GAAG,GAAG,CAAC,MAAM,CAAC,KAAK,EAAE,MAAM,CAAC,CAAC;YACvC,OAAO,IAAsB,CAAC;SAC/B;QAAC,OAAO,GAAG,EAAE;YACZ,MAAM,IAAI,KAAK,CAAC,eAAe,CAAC,CAAC;SAClC;IACH,CAAC;CACF;AAfD,6BAeC","sourcesContent":["import 'dotenv/config';\nimport * as jwt from 'jsonwebtoken';\n\nexport default class JwtService {\n  static sign(payload: { email: string, id: number }): string {\n    const secret = process.env.JWT_SECRET as string;\n    return jwt.sign(payload, secret);\n  }\n\n  static validateToken(token: string) {\n    try {\n      const secret = process.env.JWT_SECRET as string;\n      const data = jwt.verify(token, secret);\n      return data as jwt.JwtPayload;\n    } catch (err) {\n      throw new Error('TokenNotFound');\n    }\n  }\n}"]},"_coverageSchema":"1a1c01bbd47fc00a2c39e90264f33305004495a9","hash":"3ff126fb9f8c19132fef41790bf2b5bb750d987b","contentHash":"875655a34737533c9c8b5eba8793aba3069e9093aec814168a3b1e3e60785d59"},"/home/guilherme/Documentos/Projetos-Pessoais/Gerenciador-Links/Back-End/src/controllers/abstractController.ts":{"path":"/home/guilherme/Documentos/Projetos-Pessoais/Gerenciador-Links/Back-End/src/controllers/abstractController.ts","statementMap":{"0":{"start":{"line":2,"column":0},"end":{"line":2,"column":62}},"1":{"start":{"line":5,"column":8},"end":{"line":5,"column":32}},"2":{"start":{"line":8,"column":20},"end":{"line":8,"column":56}},"3":{"start":{"line":9,"column":8},"end":{"line":9,"column":41}},"4":{"start":{"line":12,"column":21},"end":{"line":12,"column":47}},"5":{"start":{"line":13,"column":8},"end":{"line":13,"column":42}},"6":{"start":{"line":16,"column":20},"end":{"line":16,"column":62}},"7":{"start":{"line":17,"column":8},"end":{"line":17,"column":41}},"8":{"start":{"line":20,"column":27},"end":{"line":20,"column":78}},"9":{"start":{"line":21,"column":8},"end":{"line":21,"column":48}},"10":{"start":{"line":24,"column":8},"end":{"line":24,"column":50}},"11":{"start":{"line":25,"column":8},"end":{"line":25,"column":37}},"12":{"start":{"line":28,"column":0},"end":{"line":28,"column":37}}},"fnMap":{"0":{"name":"(anonymous_0)","decl":{"start":{"line":4,"column":4},"end":{"line":4,"column":5}},"loc":{"start":{"line":4,"column":25},"end":{"line":6,"column":5}},"line":4},"1":{"name":"(anonymous_1)","decl":{"start":{"line":7,"column":4},"end":{"line":7,"column":5}},"loc":{"start":{"line":7,"column":27},"end":{"line":10,"column":5}},"line":7},"2":{"name":"(anonymous_2)","decl":{"start":{"line":11,"column":4},"end":{"line":11,"column":5}},"loc":{"start":{"line":11,"column":25},"end":{"line":14,"column":5}},"line":11},"3":{"name":"(anonymous_3)","decl":{"start":{"line":15,"column":4},"end":{"line":15,"column":5}},"loc":{"start":{"line":15,"column":28},"end":{"line":18,"column":5}},"line":15},"4":{"name":"(anonymous_4)","decl":{"start":{"line":19,"column":4},"end":{"line":19,"column":5}},"loc":{"start":{"line":19,"column":27},"end":{"line":22,"column":5}},"line":19},"5":{"name":"(anonymous_5)","decl":{"start":{"line":23,"column":4},"end":{"line":23,"column":5}},"loc":{"start":{"line":23,"column":27},"end":{"line":26,"column":5}},"line":23}},"branchMap":{},"s":{"0":1,"1":2,"2":3,"3":1,"4":1,"5":1,"6":0,"7":0,"8":1,"9":1,"10":2,"11":1,"12":1},"f":{"0":2,"1":3,"2":1,"3":0,"4":1,"5":2},"b":{},"inputSourceMap":{"version":3,"file":"/home/guilherme/Documentos/Projetos-Pessoais/Gerenciador-Links/Back-End/src/controllers/abstractController.ts","sources":["/home/guilherme/Documentos/Projetos-Pessoais/Gerenciador-Links/Back-End/src/controllers/abstractController.ts"],"names":[],"mappings":";;AAIA,MAA8B,kBAAkB;IAG9C,YAAY,OAAoB;QAC9B,IAAI,CAAC,QAAQ,GAAG,OAAO,CAAC;IAC1B,CAAC;IAEM,KAAK,CAAC,MAAM,CAAC,GAAY,EAAE,GAAa;QAC7C,MAAM,GAAG,GAAG,MAAM,IAAI,CAAC,QAAQ,CAAC,MAAM,CAAC,GAAG,CAAC,IAAI,CAAC,CAAC;QACjD,OAAO,GAAG,CAAC,MAAM,CAAC,GAAG,CAAC,CAAC,IAAI,CAAC,GAAG,CAAC,CAAC;IACnC,CAAC;IAEM,KAAK,CAAC,IAAI,CAAC,GAAY,EAAE,GAAa;QAC3C,MAAM,IAAI,GAAG,MAAM,IAAI,CAAC,QAAQ,CAAC,IAAI,EAAE,CAAC;QACxC,OAAO,GAAG,CAAC,MAAM,CAAC,GAAG,CAAC,CAAC,IAAI,CAAC,IAAI,CAAC,CAAC;IACpC,CAAC;IAEM,KAAK,CAAC,OAAO,CAAC,GAAY,EAAE,GAAa;QAC9C,MAAM,GAAG,GAAG,MAAM,IAAI,CAAC,QAAQ,CAAC,OAAO,CAAC,GAAG,CAAC,MAAM,CAAC,EAAE,CAAC,CAAC;QACvD,OAAO,GAAG,CAAC,MAAM,CAAC,GAAG,CAAC,CAAC,IAAI,CAAC,GAAG,CAAC,CAAC;IACnC,CAAC;IAEM,KAAK,CAAC,MAAM,CAAC,GAAY,EAAE,GAAa;QAC7C,MAAM,UAAU,GAAG,MAAM,IAAI,CAAC,QAAQ,CAAC,MAAM,CAAC,GAAG,CAAC,MAAM,CAAC,EAAE,EAAE,GAAG,CAAC,IAAI,CAAC,CAAC;QACvE,OAAO,GAAG,CAAC,MAAM,CAAC,GAAG,CAAC,CAAC,IAAI,CAAC,UAAU,CAAC,CAAC;IAC1C,CAAC;IAEM,KAAK,CAAC,MAAM,CAAC,GAAY,EAAE,GAAa;QAC7C,MAAM,IAAI,CAAC,QAAQ,CAAC,MAAM,CAAC,GAAG,CAAC,MAAM,CAAC,EAAE,CAAC,CAAC;QAC1C,OAAO,GAAG,CAAC,MAAM,CAAC,GAAG,CAAC,CAAC,GAAG,EAAE,CAAC;IAC/B,CAAC;CACF;AA/BD,qCA+BC","sourcesContent":["import { Request, Response } from 'express';\nimport IController from '../interfaces/IController';\nimport IService from '../interfaces/IService';\n\nexport default abstract class AbstractController<T> implements IController {\n  protected _service: IService<T>;\n\n  constructor(service: IService<T>) {\n    this._service = service;\n  }\n\n  public async create(req: Request, res: Response): Promise<Response> {\n    const obj = await this._service.create(req.body);\n    return res.status(201).json(obj);\n  }\n\n  public async read(req: Request, res: Response): Promise<Response> {\n    const objs = await this._service.read();\n    return res.status(200).json(objs);\n  }\n\n  public async readOne(req: Request, res: Response): Promise<Response> {\n    const obj = await this._service.readOne(req.params.id);\n    return res.status(200).json(obj);\n  }\n\n  public async update(req: Request, res: Response): Promise<Response> {\n    const objUpdated = await this._service.update(req.params.id, req.body);\n    return res.status(200).json(objUpdated);\n  }\n\n  public async delete(req: Request, res: Response): Promise<Response> {\n    await this._service.delete(req.params.id);\n    return res.status(204).end();\n  }\n}"]},"_coverageSchema":"1a1c01bbd47fc00a2c39e90264f33305004495a9","hash":"f5986b8811bb01fe275db26ab57430583e4d31b4","contentHash":"174fb5de42db988f001c8d075f9d0514ba6e41adedcca67ef2c3034268950e46"},"/home/guilherme/Documentos/Projetos-Pessoais/Gerenciador-Links/Back-End/src/controllers/loginController.ts":{"path":"/home/guilherme/Documentos/Projetos-Pessoais/Gerenciador-Links/Back-End/src/controllers/loginController.ts","statementMap":{"0":{"start":{"line":2,"column":22},"end":{"line":4,"column":1}},"1":{"start":{"line":3,"column":4},"end":{"line":3,"column":62}},"2":{"start":{"line":5,"column":0},"end":{"line":5,"column":62}},"3":{"start":{"line":6,"column":21},"end":{"line":6,"column":71}},"4":{"start":{"line":7,"column":24},"end":{"line":7,"column":74}},"5":{"start":{"line":10,"column":8},"end":{"line":10,"column":31}},"6":{"start":{"line":11,"column":8},"end":{"line":11,"column":47}},"7":{"start":{"line":14,"column":8},"end":{"line":14,"column":47}},"8":{"start":{"line":15,"column":22},"end":{"line":15,"column":64}},"9":{"start":{"line":16,"column":8},"end":{"line":16,"column":40}},"10":{"start":{"line":19,"column":34},"end":{"line":19,"column":45}},"11":{"start":{"line":20,"column":8},"end":{"line":21,"column":45}},"12":{"start":{"line":21,"column":12},"end":{"line":21,"column":45}},"13":{"start":{"line":22,"column":8},"end":{"line":22,"column":59}},"14":{"start":{"line":23,"column":8},"end":{"line":23,"column":15}},"15":{"start":{"line":26,"column":0},"end":{"line":26,"column":34}}},"fnMap":{"0":{"name":"(anonymous_0)","decl":{"start":{"line":2,"column":56},"end":{"line":2,"column":57}},"loc":{"start":{"line":2,"column":71},"end":{"line":4,"column":1}},"line":2},"1":{"name":"(anonymous_1)","decl":{"start":{"line":9,"column":4},"end":{"line":9,"column":5}},"loc":{"start":{"line":9,"column":25},"end":{"line":12,"column":5}},"line":9},"2":{"name":"(anonymous_2)","decl":{"start":{"line":13,"column":4},"end":{"line":13,"column":5}},"loc":{"start":{"line":13,"column":34},"end":{"line":17,"column":5}},"line":13},"3":{"name":"(anonymous_3)","decl":{"start":{"line":18,"column":4},"end":{"line":18,"column":5}},"loc":{"start":{"line":18,"column":50},"end":{"line":24,"column":5}},"line":18}},"branchMap":{"0":{"loc":{"start":{"line":2,"column":22},"end":{"line":4,"column":1}},"type":"binary-expr","locations":[{"start":{"line":2,"column":23},"end":{"line":2,"column":27}},{"start":{"line":2,"column":31},"end":{"line":2,"column":51}},{"start":{"line":2,"column":56},"end":{"line":4,"column":1}}],"line":2},"1":{"loc":{"start":{"line":3,"column":11},"end":{"line":3,"column":61}},"type":"cond-expr","locations":[{"start":{"line":3,"column":37},"end":{"line":3,"column":40}},{"start":{"line":3,"column":43},"end":{"line":3,"column":61}}],"line":3},"2":{"loc":{"start":{"line":3,"column":12},"end":{"line":3,"column":33}},"type":"binary-expr","locations":[{"start":{"line":3,"column":12},"end":{"line":3,"column":15}},{"start":{"line":3,"column":19},"end":{"line":3,"column":33}}],"line":3},"3":{"loc":{"start":{"line":20,"column":8},"end":{"line":21,"column":45}},"type":"if","locations":[{"start":{"line":20,"column":8},"end":{"line":21,"column":45}},{"start":{"line":20,"column":8},"end":{"line":21,"column":45}}],"line":20}},"s":{"0":1,"1":2,"2":1,"3":1,"4":1,"5":3,"6":3,"7":3,"8":2,"9":1,"10":6,"11":6,"12":0,"13":6,"14":6,"15":1},"f":{"0":2,"1":3,"2":3,"3":6},"b":{"0":[1,1,1],"1":[2,0],"2":[2,2],"3":[0,6]},"inputSourceMap":{"version":3,"file":"/home/guilherme/Documentos/Projetos-Pessoais/Gerenciador-Links/Back-End/src/controllers/loginController.ts","sources":["/home/guilherme/Documentos/Projetos-Pessoais/Gerenciador-Links/Back-End/src/controllers/loginController.ts"],"names":[],"mappings":";;;;;AACA,wEAAgD;AAEhD,2EAAqD;AAErD,MAAqB,eAAe;IAElC,YAAoB,OAAqB;QAArB,YAAO,GAAP,OAAO,CAAc;QADzC,eAAU,GAAG,oBAAU,CAAC;IACqB,CAAC;IACvC,KAAK,CAAC,aAAa,CAAC,GAAY,EAAE,GAAa;QACpD,IAAA,uBAAe,EAAC,GAAG,CAAC,IAAI,CAAC,CAAC;QAC1B,MAAM,KAAK,GAAG,MAAM,IAAI,CAAC,OAAO,CAAC,aAAa,CAAC,GAAG,CAAC,IAAI,CAAC,CAAC;QACzD,GAAG,CAAC,MAAM,CAAC,GAAG,CAAC,CAAC,IAAI,CAAC,EAAE,KAAK,EAAE,CAAC,CAAC;IAClC,CAAC;IAEM,KAAK,CAAC,uBAAuB,CAAC,GAAY,EAAE,GAAa,EAAE,IAAkB;QAClF,MAAM,EAAE,aAAa,EAAE,GAAG,GAAG,CAAC,OAAO,CAAC;QACtC,IAAI,CAAC,aAAa;YAAE,MAAM,IAAI,KAAK,CAAC,eAAe,CAAC,CAAC;QAErD,MAAM,IAAI,CAAC,UAAU,CAAC,aAAa,CAAC,aAAa,CAAC,CAAC;QACnD,IAAI,EAAE,CAAC;IACT,CAAC;CACF;AAhBD,kCAgBC","sourcesContent":["import { NextFunction, Request, Response } from 'express';\nimport JwtService from '../services/JwtService';\nimport LoginService from '../services/LoginService';\nimport validationLogin from '../utils/validateLogin';\n\nexport default class LoginController {\n  jwtService = JwtService;\n  constructor(private service: LoginService) { }\n  public async authenticator(req: Request, res: Response) {\n    validationLogin(req.body);\n    const token = await this.service.authenticator(req.body);\n    res.status(200).json({ token });\n  }\n\n  public async validationAuthenticator(req: Request, res: Response, next: NextFunction) {\n    const { authorization } = req.headers;\n    if (!authorization) throw new Error('TokenNotFound');\n\n    await this.jwtService.validateToken(authorization);\n    next();\n  }\n}"]},"_coverageSchema":"1a1c01bbd47fc00a2c39e90264f33305004495a9","hash":"cdc9fffad627fd2058ddb307660c3cf9214329f0","contentHash":"d3e3484f5299971e80d8e631962d8b63274db7aba96c9d14dffaf9d9002ff014"},"/home/guilherme/Documentos/Projetos-Pessoais/Gerenciador-Links/Back-End/src/utils/validateLogin.ts":{"path":"/home/guilherme/Documentos/Projetos-Pessoais/Gerenciador-Links/Back-End/src/utils/validateLogin.ts","statementMap":{"0":{"start":{"line":2,"column":22},"end":{"line":4,"column":1}},"1":{"start":{"line":3,"column":4},"end":{"line":3,"column":62}},"2":{"start":{"line":5,"column":0},"end":{"line":5,"column":62}},"3":{"start":{"line":6,"column":14},"end":{"line":6,"column":45}},"4":{"start":{"line":7,"column":24},"end":{"line":16,"column":1}},"5":{"start":{"line":8,"column":19},"end":{"line":11,"column":6}},"6":{"start":{"line":12,"column":29},"end":{"line":12,"column":49}},"7":{"start":{"line":13,"column":4},"end":{"line":14,"column":20}},"8":{"start":{"line":14,"column":8},"end":{"line":14,"column":20}},"9":{"start":{"line":15,"column":4},"end":{"line":15,"column":17}},"10":{"start":{"line":17,"column":0},"end":{"line":17,"column":34}}},"fnMap":{"0":{"name":"(anonymous_0)","decl":{"start":{"line":2,"column":56},"end":{"line":2,"column":57}},"loc":{"start":{"line":2,"column":71},"end":{"line":4,"column":1}},"line":2},"1":{"name":"(anonymous_1)","decl":{"start":{"line":7,"column":24},"end":{"line":7,"column":25}},"loc":{"start":{"line":7,"column":33},"end":{"line":16,"column":1}},"line":7}},"branchMap":{"0":{"loc":{"start":{"line":2,"column":22},"end":{"line":4,"column":1}},"type":"binary-expr","locations":[{"start":{"line":2,"column":23},"end":{"line":2,"column":27}},{"start":{"line":2,"column":31},"end":{"line":2,"column":51}},{"start":{"line":2,"column":56},"end":{"line":4,"column":1}}],"line":2},"1":{"loc":{"start":{"line":3,"column":11},"end":{"line":3,"column":61}},"type":"cond-expr","locations":[{"start":{"line":3,"column":37},"end":{"line":3,"column":40}},{"start":{"line":3,"column":43},"end":{"line":3,"column":61}}],"line":3},"2":{"loc":{"start":{"line":3,"column":12},"end":{"line":3,"column":33}},"type":"binary-expr","locations":[{"start":{"line":3,"column":12},"end":{"line":3,"column":15}},{"start":{"line":3,"column":19},"end":{"line":3,"column":33}}],"line":3},"3":{"loc":{"start":{"line":13,"column":4},"end":{"line":14,"column":20}},"type":"if","locations":[{"start":{"line":13,"column":4},"end":{"line":14,"column":20}},{"start":{"line":13,"column":4},"end":{"line":14,"column":20}}],"line":13}},"s":{"0":1,"1":1,"2":1,"3":1,"4":1,"5":3,"6":3,"7":3,"8":1,"9":2,"10":1},"f":{"0":1,"1":3},"b":{"0":[1,1,1],"1":[0,1],"2":[1,1],"3":[1,2]},"inputSourceMap":{"version":3,"file":"/home/guilherme/Documentos/Projetos-Pessoais/Gerenciador-Links/Back-End/src/utils/validateLogin.ts","sources":["/home/guilherme/Documentos/Projetos-Pessoais/Gerenciador-Links/Back-End/src/utils/validateLogin.ts"],"names":[],"mappings":";;;;;AAAA,8CAAsB;AAGtB,MAAM,eAAe,GAAG,CAAC,GAAW,EAAE,EAAE;IACtC,MAAM,MAAM,GAAG,aAAG,CAAC,MAAM,CAAC;QACxB,KAAK,EAAE,aAAG,CAAC,MAAM,EAAE,CAAC,KAAK,EAAE,CAAC,QAAQ,EAAE;QACtC,QAAQ,EAAE,aAAG,CAAC,MAAM,EAAE,CAAC,QAAQ,EAAE;KAClC,CAAC,CAAC;IAEH,MAAM,EAAE,KAAK,EAAE,KAAK,EAAE,GAAG,MAAM,CAAC,QAAQ,CAAC,GAAG,CAAC,CAAC;IAC9C,IAAI,KAAK;QAAE,MAAM,KAAK,CAAC;IACvB,OAAO,KAAK,CAAC;AACf,CAAC,CAAC;AAEF,kBAAe,eAAe,CAAC","sourcesContent":["import Joi from 'joi';\nimport ILogin from '../interfaces/ILogin';\n\nconst validationLogin = (obj: ILogin) => {\n  const schema = Joi.object({\n    email: Joi.string().email().required(),\n    password: Joi.string().required(),\n  });\n\n  const { error, value } = schema.validate(obj);\n  if (error) throw error;\n  return value;\n};\n\nexport default validationLogin;"]},"_coverageSchema":"1a1c01bbd47fc00a2c39e90264f33305004495a9","hash":"f6f87905f157ee42f90df9cabe4597bf587c52ab","contentHash":"92cd2a892a77b512a9111c67962ba299468bf6185d11edf16effb35412461c88"},"/home/guilherme/Documentos/Projetos-Pessoais/Gerenciador-Links/Back-End/src/services/LinkService.ts":{"path":"/home/guilherme/Documentos/Projetos-Pessoais/Gerenciador-Links/Back-End/src/services/LinkService.ts","statementMap":{"0":{"start":{"line":2,"column":22},"end":{"line":4,"column":1}},"1":{"start":{"line":3,"column":4},"end":{"line":3,"column":62}},"2":{"start":{"line":5,"column":0},"end":{"line":5,"column":62}},"3":{"start":{"line":6,"column":15},"end":{"line":6,"column":66}},"4":{"start":{"line":7,"column":23},"end":{"line":7,"column":55}},"5":{"start":{"line":8,"column":27},"end":{"line":8,"column":80}},"6":{"start":{"line":9,"column":22},"end":{"line":9,"column":63}},"7":{"start":{"line":12,"column":8},"end":{"line":12,"column":33}},"8":{"start":{"line":13,"column":8},"end":{"line":13,"column":55}},"9":{"start":{"line":16,"column":25},"end":{"line":16,"column":68}},"10":{"start":{"line":17,"column":8},"end":{"line":17,"column":56}},"11":{"start":{"line":18,"column":32},"end":{"line":19,"column":85}},"12":{"start":{"line":20,"column":8},"end":{"line":22,"column":9}},"13":{"start":{"line":21,"column":12},"end":{"line":21,"column":51}},"14":{"start":{"line":23,"column":8},"end":{"line":23,"column":20}},"15":{"start":{"line":26,"column":25},"end":{"line":26,"column":60}},"16":{"start":{"line":27,"column":25},"end":{"line":27,"column":68}},"17":{"start":{"line":28,"column":8},"end":{"line":28,"column":75}},"18":{"start":{"line":29,"column":8},"end":{"line":29,"column":40}},"19":{"start":{"line":32,"column":22},"end":{"line":32,"column":70}},"20":{"start":{"line":33,"column":8},"end":{"line":33,"column":21}},"21":{"start":{"line":36,"column":25},"end":{"line":36,"column":60}},"22":{"start":{"line":37,"column":21},"end":{"line":37,"column":53}},"23":{"start":{"line":38,"column":8},"end":{"line":39,"column":46}},"24":{"start":{"line":39,"column":12},"end":{"line":39,"column":46}},"25":{"start":{"line":40,"column":8},"end":{"line":40,"column":20}},"26":{"start":{"line":43,"column":25},"end":{"line":43,"column":60}},"27":{"start":{"line":44,"column":8},"end":{"line":44,"column":59}},"28":{"start":{"line":47,"column":0},"end":{"line":47,"column":30}}},"fnMap":{"0":{"name":"(anonymous_0)","decl":{"start":{"line":2,"column":56},"end":{"line":2,"column":57}},"loc":{"start":{"line":2,"column":71},"end":{"line":4,"column":1}},"line":2},"1":{"name":"(anonymous_1)","decl":{"start":{"line":11,"column":4},"end":{"line":11,"column":5}},"loc":{"start":{"line":11,"column":18},"end":{"line":14,"column":5}},"line":11},"2":{"name":"(anonymous_2)","decl":{"start":{"line":15,"column":4},"end":{"line":15,"column":5}},"loc":{"start":{"line":15,"column":22},"end":{"line":24,"column":5}},"line":15},"3":{"name":"(anonymous_3)","decl":{"start":{"line":25,"column":4},"end":{"line":25,"column":5}},"loc":{"start":{"line":25,"column":26},"end":{"line":30,"column":5}},"line":25},"4":{"name":"(anonymous_4)","decl":{"start":{"line":31,"column":4},"end":{"line":31,"column":5}},"loc":{"start":{"line":31,"column":19},"end":{"line":34,"column":5}},"line":31},"5":{"name":"(anonymous_5)","decl":{"start":{"line":35,"column":4},"end":{"line":35,"column":5}},"loc":{"start":{"line":35,"column":22},"end":{"line":41,"column":5}},"line":35},"6":{"name":"(anonymous_6)","decl":{"start":{"line":42,"column":4},"end":{"line":42,"column":5}},"loc":{"start":{"line":42,"column":21},"end":{"line":45,"column":5}},"line":42}},"branchMap":{"0":{"loc":{"start":{"line":2,"column":22},"end":{"line":4,"column":1}},"type":"binary-expr","locations":[{"start":{"line":2,"column":23},"end":{"line":2,"column":27}},{"start":{"line":2,"column":31},"end":{"line":2,"column":51}},{"start":{"line":2,"column":56},"end":{"line":4,"column":1}}],"line":2},"1":{"loc":{"start":{"line":3,"column":11},"end":{"line":3,"column":61}},"type":"cond-expr","locations":[{"start":{"line":3,"column":37},"end":{"line":3,"column":40}},{"start":{"line":3,"column":43},"end":{"line":3,"column":61}}],"line":3},"2":{"loc":{"start":{"line":3,"column":12},"end":{"line":3,"column":33}},"type":"binary-expr","locations":[{"start":{"line":3,"column":12},"end":{"line":3,"column":15}},{"start":{"line":3,"column":19},"end":{"line":3,"column":33}}],"line":3},"3":{"loc":{"start":{"line":20,"column":8},"end":{"line":22,"column":9}},"type":"if","locations":[{"start":{"line":20,"column":8},"end":{"line":22,"column":9}},{"start":{"line":20,"column":8},"end":{"line":22,"column":9}}],"line":20},"4":{"loc":{"start":{"line":38,"column":8},"end":{"line":39,"column":46}},"type":"if","locations":[{"start":{"line":38,"column":8},"end":{"line":39,"column":46}},{"start":{"line":38,"column":8},"end":{"line":39,"column":46}}],"line":38}},"s":{"0":1,"1":3,"2":1,"3":1,"4":1,"5":1,"6":1,"7":1,"8":1,"9":0,"10":0,"11":0,"12":0,"13":0,"14":0,"15":0,"16":0,"17":0,"18":0,"19":0,"20":0,"21":0,"22":0,"23":0,"24":0,"25":0,"26":0,"27":0,"28":1},"f":{"0":3,"1":1,"2":0,"3":0,"4":0,"5":0,"6":0},"b":{"0":[1,1,1],"1":[3,0],"2":[3,3],"3":[0,0],"4":[0,0]},"inputSourceMap":{"version":3,"file":"/home/guilherme/Documentos/Projetos-Pessoais/Gerenciador-Links/Back-End/src/services/LinkService.ts","sources":["/home/guilherme/Documentos/Projetos-Pessoais/Gerenciador-Links/Back-End/src/services/LinkService.ts"],"names":[],"mappings":";;;;;AAAA,mEAA2C;AAG3C,wDAA2D;AAC3D,iFAA2D;AAC3D,gEAAwC;AAExC,MAAqB,WAAW;IAAhC;QACU,OAAE,GAAG,cAAI,CAAC;QACV,gBAAW,GAAG,IAAI,qBAAW,EAAE,CAAC;IAqC1C,CAAC;IAnCQ,KAAK,CAAC,MAAM,CAAC,GAAU;QAC5B,MAAM,QAAQ,GAAG,IAAA,iCAAkB,EAAC,GAAG,CAAC,CAAC;QACzC,MAAM,IAAI,CAAC,WAAW,CAAC,OAAO,CAAC,QAAQ,CAAC,MAAM,CAAC,CAAC;QAChD,MAAM,CAAC,IAAI,EAAE,OAAO,CAAC,GAAG,MAAM,IAAI,CAAC,EAAE;aAClC,YAAY,CAAC,EAAE,KAAK,EAAE,EAAE,KAAK,EAAE,GAAG,CAAC,KAAK,EAAE,EAAE,QAAQ,EAAE,EAAE,GAAG,QAAQ,EAAE,EAAE,CAAC,CAAC;QAC5E,IAAI,CAAC,OAAO,EAAE;YACZ,MAAM,IAAI,KAAK,CAAC,qBAAqB,CAAC,CAAC;SACxC;QACD,OAAO,IAAI,CAAC;IACd,CAAC;IAEM,KAAK,CAAC,MAAM,CAAC,EAAU,EAAE,GAAU;QACxC,MAAM,QAAQ,GAAG,IAAA,0BAAkB,EAAC,EAAE,CAAC,CAAC;QACxC,MAAM,QAAQ,GAAG,IAAA,iCAAkB,EAAC,GAAG,CAAC,CAAC;QACzC,MAAM,IAAI,CAAC,EAAE,CAAC,MAAM,CAAC,EAAE,GAAG,QAAQ,EAAE,EAAE,EAAE,KAAK,EAAE,EAAE,EAAE,EAAE,QAAQ,EAAE,EAAE,CAAC,CAAC;QACnE,OAAO,EAAE,EAAE,EAAE,QAAQ,EAAE,GAAG,GAAG,EAAE,CAAC;IAClC,CAAC;IAEM,KAAK,CAAC,IAAI,CAAC,EAAU;QAC1B,MAAM,KAAK,GAAG,MAAM,IAAI,CAAC,EAAE,CAAC,OAAO,CAAC,EAAE,KAAK,EAAE,EAAE,MAAM,EAAE,EAAE,EAAE,EAAE,CAAC,CAAC;QAC/D,OAAO,KAAK,CAAC;IACf,CAAC;IAEM,KAAK,CAAC,OAAO,CAAC,EAAU;QAC7B,MAAM,QAAQ,GAAG,IAAA,0BAAkB,EAAC,EAAE,CAAC,CAAC;QACxC,MAAM,IAAI,GAAG,MAAM,IAAI,CAAC,EAAE,CAAC,QAAQ,CAAC,QAAQ,CAAC,CAAC;QAE9C,IAAI,CAAC,IAAI;YAAE,MAAM,IAAI,KAAK,CAAC,gBAAgB,CAAC,CAAC;QAC7C,OAAO,IAAI,CAAC;IACd,CAAC;IAEM,KAAK,CAAC,MAAM,CAAC,EAAU;QAC5B,MAAM,QAAQ,GAAG,IAAA,0BAAkB,EAAC,EAAE,CAAC,CAAC;QACxC,MAAM,IAAI,CAAC,EAAE,CAAC,OAAO,CAAC,EAAE,KAAK,EAAE,EAAE,EAAE,EAAE,QAAQ,EAAE,EAAE,CAAC,CAAC;IACrD,CAAC;CACF;AAvCD,8BAuCC","sourcesContent":["import Link from '../database/models/Link';\nimport ILink from '../interfaces/ILink';\nimport IService from '../interfaces/IService';\nimport { validationBodyLink } from '../utils/validateBody';\nimport validationIdParams from '../utils/validateIdParams';\nimport UserService from './UserService';\n\nexport default class LinkService implements IService<ILink> {\n  private db = Link;\n  private userService = new UserService();\n\n  public async create(obj: ILink): Promise<ILink> {\n    const objValid = validationBodyLink(obj);\n    await this.userService.readOne(objValid.userId);\n    const [link, boolean] = await this.db\n      .findOrCreate({ where: { label: obj.label }, defaults: { ...objValid } });\n    if (!boolean) {\n      throw new Error('EntityAlreadyExists');\n    }\n    return link;\n  }\n\n  public async update(id: string, obj: ILink): Promise<ILink> {\n    const numberId = validationIdParams(id);\n    const objValid = validationBodyLink(obj);\n    await this.db.update({ ...objValid }, { where: { id: numberId } });\n    return { id: numberId, ...obj };\n  }\n\n  public async read(id: number): Promise<ILink[]> {\n    const links = await this.db.findAll({ where: { userId: id } });\n    return links;\n  }\n\n  public async readOne(id: string): Promise<ILink> {\n    const numberId = validationIdParams(id);\n    const link = await this.db.findByPk(numberId);\n\n    if (!link) throw new Error('EntityNotFound');\n    return link;\n  }\n\n  public async delete(id: string): Promise<void> {\n    const numberId = validationIdParams(id);\n    await this.db.destroy({ where: { id: numberId } });\n  }\n}"]},"_coverageSchema":"1a1c01bbd47fc00a2c39e90264f33305004495a9","hash":"1485f136ce5717a32ce0c3b94f2c5c84bfacb47c","contentHash":"13557710cdfec146772262a1cf8086ebc444557e69eab4468912b01a3513fc17"},"/home/guilherme/Documentos/Projetos-Pessoais/Gerenciador-Links/Back-End/src/database/models/Link.ts":{"path":"/home/guilherme/Documentos/Projetos-Pessoais/Gerenciador-Links/Back-End/src/database/models/Link.ts","statementMap":{"0":{"start":{"line":2,"column":22},"end":{"line":4,"column":1}},"1":{"start":{"line":3,"column":4},"end":{"line":3,"column":62}},"2":{"start":{"line":5,"column":0},"end":{"line":5,"column":62}},"3":{"start":{"line":6,"column":20},"end":{"line":6,"column":40}},"4":{"start":{"line":7,"column":11},"end":{"line":7,"column":40}},"5":{"start":{"line":8,"column":15},"end":{"line":8,"column":49}},"6":{"start":{"line":11,"column":0},"end":{"line":35,"column":3}},"7":{"start":{"line":36,"column":0},"end":{"line":39,"column":3}},"8":{"start":{"line":40,"column":0},"end":{"line":43,"column":3}},"9":{"start":{"line":44,"column":0},"end":{"line":44,"column":23}}},"fnMap":{"0":{"name":"(anonymous_0)","decl":{"start":{"line":2,"column":56},"end":{"line":2,"column":57}},"loc":{"start":{"line":2,"column":71},"end":{"line":4,"column":1}},"line":2}},"branchMap":{"0":{"loc":{"start":{"line":2,"column":22},"end":{"line":4,"column":1}},"type":"binary-expr","locations":[{"start":{"line":2,"column":23},"end":{"line":2,"column":27}},{"start":{"line":2,"column":31},"end":{"line":2,"column":51}},{"start":{"line":2,"column":56},"end":{"line":4,"column":1}}],"line":2},"1":{"loc":{"start":{"line":3,"column":11},"end":{"line":3,"column":61}},"type":"cond-expr","locations":[{"start":{"line":3,"column":37},"end":{"line":3,"column":40}},{"start":{"line":3,"column":43},"end":{"line":3,"column":61}}],"line":3},"2":{"loc":{"start":{"line":3,"column":12},"end":{"line":3,"column":33}},"type":"binary-expr","locations":[{"start":{"line":3,"column":12},"end":{"line":3,"column":15}},{"start":{"line":3,"column":19},"end":{"line":3,"column":33}}],"line":3}},"s":{"0":1,"1":2,"2":1,"3":1,"4":1,"5":1,"6":1,"7":1,"8":1,"9":1},"f":{"0":2},"b":{"0":[1,1,1],"1":[2,0],"2":[2,2]},"inputSourceMap":{"version":3,"file":"/home/guilherme/Documentos/Projetos-Pessoais/Gerenciador-Links/Back-End/src/database/models/Link.ts","sources":["/home/guilherme/Documentos/Projetos-Pessoais/Gerenciador-Links/Back-End/src/database/models/Link.ts"],"names":[],"mappings":";;;;;AAAA,yCAAmD;AACnD,yCAAmB;AACnB,kDAA0B;AAE1B,MAAM,IAAK,SAAQ,iBAAK;CAKvB;AAED,IAAI,CAAC,IAAI,CAAC;IACR,EAAE,EAAE;QACF,IAAI,EAAE,mBAAO;QACb,SAAS,EAAE,KAAK;QAChB,UAAU,EAAE,IAAI;QAChB,aAAa,EAAE,IAAI;KACpB;IACD,GAAG,EAAE;QACH,IAAI,EAAE,kBAAM;QACZ,SAAS,EAAE,KAAK;KACjB;IACD,KAAK,EAAE;QACL,IAAI,EAAE,kBAAM;QACZ,SAAS,EAAE,KAAK;KACjB;IACD,MAAM,EAAE;QACN,IAAI,EAAE,mBAAO;QACb,SAAS,EAAE,KAAK;KACjB;CACF,EAAE;IACD,SAAS,EAAE,UAAE;IACb,SAAS,EAAE,OAAO;IAClB,WAAW,EAAE,IAAI;IACjB,UAAU,EAAE,KAAK;CAClB,CAAC,CAAC;AAEH,IAAI,CAAC,SAAS,CAAC,cAAI,EAAE;IACnB,UAAU,EAAE,QAAQ;IACpB,EAAE,EAAE,MAAM;CACX,CAAC,CAAC;AAEH,cAAI,CAAC,OAAO,CAAC,IAAI,EAAE;IACjB,UAAU,EAAE,QAAQ;IACpB,EAAE,EAAE,OAAO;CACZ,CAAC,CAAC;AAEH,kBAAe,IAAI,CAAC","sourcesContent":["import { INTEGER, Model, STRING } from 'sequelize';\nimport db from '.';\nimport User from './User';\n\nclass Link extends Model {\n  id!: number;\n  url!: string;\n  label!: string;\n  userId!: number;\n}\n\nLink.init({\n  id: {\n    type: INTEGER,\n    allowNull: false,\n    primaryKey: true,\n    autoIncrement: true,\n  },\n  url: {\n    type: STRING,\n    allowNull: false,\n  },\n  label: {\n    type: STRING,\n    allowNull: false,\n  },\n  userId: {\n    type: INTEGER,\n    allowNull: false,\n  },\n}, {\n  sequelize: db,\n  modelName: 'links',\n  underscored: true,\n  timestamps: false,\n});\n\nLink.belongsTo(User, {\n  foreignKey: 'userId',\n  as: 'user',\n});\n\nUser.hasMany(Link, {\n  foreignKey: 'userId',\n  as: 'links',\n});\n\nexport default Link;"]},"_coverageSchema":"1a1c01bbd47fc00a2c39e90264f33305004495a9","hash":"21271918585bb264bee865ce13f5a2d5330cbaac","contentHash":"ee2ccdce6af9565dc5de072cea2b1bc967041fe94240c5aeb598652ab425979c"},"/home/guilherme/Documentos/Projetos-Pessoais/Gerenciador-Links/Back-End/src/database/models/index.ts":{"path":"/home/guilherme/Documentos/Projetos-Pessoais/Gerenciador-Links/Back-End/src/database/models/index.ts","statementMap":{"0":{"start":{"line":2,"column":22},"end":{"line":12,"column":3}},"1":{"start":{"line":3,"column":4},"end":{"line":3,"column":33}},"2":{"start":{"line":3,"column":26},"end":{"line":3,"column":33}},"3":{"start":{"line":4,"column":15},"end":{"line":4,"column":52}},"4":{"start":{"line":5,"column":4},"end":{"line":7,"column":5}},"5":{"start":{"line":6,"column":6},"end":{"line":6,"column":68}},"6":{"start":{"line":6,"column":51},"end":{"line":6,"column":63}},"7":{"start":{"line":8,"column":4},"end":{"line":8,"column":39}},"8":{"start":{"line":10,"column":4},"end":{"line":10,"column":33}},"9":{"start":{"line":10,"column":26},"end":{"line":10,"column":33}},"10":{"start":{"line":11,"column":4},"end":{"line":11,"column":17}},"11":{"start":{"line":13,"column":25},"end":{"line":17,"column":2}},"12":{"start":{"line":14,"column":4},"end":{"line":14,"column":72}},"13":{"start":{"line":16,"column":4},"end":{"line":16,"column":21}},"14":{"start":{"line":18,"column":19},"end":{"line":24,"column":1}},"15":{"start":{"line":19,"column":4},"end":{"line":19,"column":42}},"16":{"start":{"line":19,"column":31},"end":{"line":19,"column":42}},"17":{"start":{"line":20,"column":17},"end":{"line":20,"column":19}},"18":{"start":{"line":21,"column":4},"end":{"line":21,"column":141}},"19":{"start":{"line":21,"column":21},"end":{"line":21,"column":141}},"20":{"start":{"line":21,"column":40},"end":{"line":21,"column":141}},"21":{"start":{"line":21,"column":109},"end":{"line":21,"column":141}},"22":{"start":{"line":22,"column":4},"end":{"line":22,"column":36}},"23":{"start":{"line":23,"column":4},"end":{"line":23,"column":18}},"24":{"start":{"line":25,"column":0},"end":{"line":25,"column":62}},"25":{"start":{"line":26,"column":20},"end":{"line":26,"column":40}},"26":{"start":{"line":27,"column":15},"end":{"line":27,"column":58}},"27":{"start":{"line":28,"column":0},"end":{"line":28,"column":52}}},"fnMap":{"0":{"name":"(anonymous_0)","decl":{"start":{"line":2,"column":74},"end":{"line":2,"column":75}},"loc":{"start":{"line":2,"column":96},"end":{"line":9,"column":1}},"line":2},"1":{"name":"(anonymous_1)","decl":{"start":{"line":6,"column":38},"end":{"line":6,"column":39}},"loc":{"start":{"line":6,"column":49},"end":{"line":6,"column":65}},"line":6},"2":{"name":"(anonymous_2)","decl":{"start":{"line":9,"column":6},"end":{"line":9,"column":7}},"loc":{"start":{"line":9,"column":28},"end":{"line":12,"column":1}},"line":9},"3":{"name":"(anonymous_3)","decl":{"start":{"line":13,"column":80},"end":{"line":13,"column":81}},"loc":{"start":{"line":13,"column":95},"end":{"line":15,"column":1}},"line":13},"4":{"name":"(anonymous_4)","decl":{"start":{"line":15,"column":5},"end":{"line":15,"column":6}},"loc":{"start":{"line":15,"column":20},"end":{"line":17,"column":1}},"line":15},"5":{"name":"(anonymous_5)","decl":{"start":{"line":18,"column":50},"end":{"line":18,"column":51}},"loc":{"start":{"line":18,"column":65},"end":{"line":24,"column":1}},"line":18}},"branchMap":{"0":{"loc":{"start":{"line":2,"column":22},"end":{"line":12,"column":3}},"type":"binary-expr","locations":[{"start":{"line":2,"column":23},"end":{"line":2,"column":27}},{"start":{"line":2,"column":31},"end":{"line":2,"column":51}},{"start":{"line":2,"column":57},"end":{"line":12,"column":2}}],"line":2},"1":{"loc":{"start":{"line":2,"column":57},"end":{"line":12,"column":2}},"type":"cond-expr","locations":[{"start":{"line":2,"column":74},"end":{"line":9,"column":1}},{"start":{"line":9,"column":6},"end":{"line":12,"column":1}}],"line":2},"2":{"loc":{"start":{"line":3,"column":4},"end":{"line":3,"column":33}},"type":"if","locations":[{"start":{"line":3,"column":4},"end":{"line":3,"column":33}},{"start":{"line":3,"column":4},"end":{"line":3,"column":33}}],"line":3},"3":{"loc":{"start":{"line":5,"column":4},"end":{"line":7,"column":5}},"type":"if","locations":[{"start":{"line":5,"column":4},"end":{"line":7,"column":5}},{"start":{"line":5,"column":4},"end":{"line":7,"column":5}}],"line":5},"4":{"loc":{"start":{"line":5,"column":8},"end":{"line":5,"column":85}},"type":"binary-expr","locations":[{"start":{"line":5,"column":8},"end":{"line":5,"column":13}},{"start":{"line":5,"column":18},"end":{"line":5,"column":84}}],"line":5},"5":{"loc":{"start":{"line":5,"column":18},"end":{"line":5,"column":84}},"type":"cond-expr","locations":[{"start":{"line":5,"column":34},"end":{"line":5,"column":47}},{"start":{"line":5,"column":50},"end":{"line":5,"column":84}}],"line":5},"6":{"loc":{"start":{"line":5,"column":50},"end":{"line":5,"column":84}},"type":"binary-expr","locations":[{"start":{"line":5,"column":50},"end":{"line":5,"column":63}},{"start":{"line":5,"column":67},"end":{"line":5,"column":84}}],"line":5},"7":{"loc":{"start":{"line":10,"column":4},"end":{"line":10,"column":33}},"type":"if","locations":[{"start":{"line":10,"column":4},"end":{"line":10,"column":33}},{"start":{"line":10,"column":4},"end":{"line":10,"column":33}}],"line":10},"8":{"loc":{"start":{"line":13,"column":25},"end":{"line":17,"column":2}},"type":"binary-expr","locations":[{"start":{"line":13,"column":26},"end":{"line":13,"column":30}},{"start":{"line":13,"column":34},"end":{"line":13,"column":57}},{"start":{"line":13,"column":63},"end":{"line":17,"column":1}}],"line":13},"9":{"loc":{"start":{"line":13,"column":63},"end":{"line":17,"column":1}},"type":"cond-expr","locations":[{"start":{"line":13,"column":80},"end":{"line":15,"column":1}},{"start":{"line":15,"column":5},"end":{"line":17,"column":1}}],"line":13},"10":{"loc":{"start":{"line":18,"column":19},"end":{"line":24,"column":1}},"type":"binary-expr","locations":[{"start":{"line":18,"column":20},"end":{"line":18,"column":24}},{"start":{"line":18,"column":28},"end":{"line":18,"column":45}},{"start":{"line":18,"column":50},"end":{"line":24,"column":1}}],"line":18},"11":{"loc":{"start":{"line":19,"column":4},"end":{"line":19,"column":42}},"type":"if","locations":[{"start":{"line":19,"column":4},"end":{"line":19,"column":42}},{"start":{"line":19,"column":4},"end":{"line":19,"column":42}}],"line":19},"12":{"loc":{"start":{"line":19,"column":8},"end":{"line":19,"column":29}},"type":"binary-expr","locations":[{"start":{"line":19,"column":8},"end":{"line":19,"column":11}},{"start":{"line":19,"column":15},"end":{"line":19,"column":29}}],"line":19},"13":{"loc":{"start":{"line":21,"column":4},"end":{"line":21,"column":141}},"type":"if","locations":[{"start":{"line":21,"column":4},"end":{"line":21,"column":141}},{"start":{"line":21,"column":4},"end":{"line":21,"column":141}}],"line":21},"14":{"loc":{"start":{"line":21,"column":40},"end":{"line":21,"column":141}},"type":"if","locations":[{"start":{"line":21,"column":40},"end":{"line":21,"column":141}},{"start":{"line":21,"column":40},"end":{"line":21,"column":141}}],"line":21},"15":{"loc":{"start":{"line":21,"column":44},"end":{"line":21,"column":107}},"type":"binary-expr","locations":[{"start":{"line":21,"column":44},"end":{"line":21,"column":59}},{"start":{"line":21,"column":63},"end":{"line":21,"column":107}}],"line":21}},"s":{"0":1,"1":6,"2":6,"3":6,"4":6,"5":6,"6":16,"7":6,"8":0,"9":0,"10":0,"11":1,"12":1,"13":0,"14":1,"15":1,"16":0,"17":1,"18":1,"19":1,"20":6,"21":6,"22":1,"23":1,"24":1,"25":1,"26":1,"27":1},"f":{"0":6,"1":16,"2":0,"3":1,"4":0,"5":1},"b":{"0":[1,1,1],"1":[1,0],"2":[6,0],"3":[6,0],"4":[6,6],"5":[0,6],"6":[6,0],"7":[0,0],"8":[1,1,1],"9":[1,0],"10":[1,1,1],"11":[0,1],"12":[1,1],"13":[1,0],"14":[6,0],"15":[6,6]},"inputSourceMap":{"version":3,"file":"/home/guilherme/Documentos/Projetos-Pessoais/Gerenciador-Links/Back-End/src/database/models/index.ts","sources":["/home/guilherme/Documentos/Projetos-Pessoais/Gerenciador-Links/Back-End/src/database/models/index.ts"],"names":[],"mappings":";;;;;;;;;;;;;;;;;;;;;;;;;AAAA,yCAAsC;AACtC,2DAA6C;AAE7C,kBAAe,IAAI,qBAAS,CAAC,MAAM,CAAC,CAAC","sourcesContent":["import { Sequelize } from 'sequelize';\nimport * as config from '../config/database';\n\nexport default new Sequelize(config);"]},"_coverageSchema":"1a1c01bbd47fc00a2c39e90264f33305004495a9","hash":"5911315a62f51f0fa728e35eaee63819f5645f45","contentHash":"3ea25262f1742de38ed836f4cec369c315a5055eeb58e2c32e05947f796d4345"},"/home/guilherme/Documentos/Projetos-Pessoais/Gerenciador-Links/Back-End/src/database/config/database.ts":{"path":"/home/guilherme/Documentos/Projetos-Pessoais/Gerenciador-Links/Back-End/src/database/config/database.ts","statementMap":{"0":{"start":{"line":2,"column":0},"end":{"line":2,"column":25}},"1":{"start":{"line":3,"column":15},"end":{"line":10,"column":1}},"2":{"start":{"line":11,"column":0},"end":{"line":11,"column":24}}},"fnMap":{},"branchMap":{},"s":{"0":1,"1":1,"2":1},"f":{},"b":{},"inputSourceMap":{"version":3,"file":"/home/guilherme/Documentos/Projetos-Pessoais/Gerenciador-Links/Back-End/src/database/config/database.ts","sources":["/home/guilherme/Documentos/Projetos-Pessoais/Gerenciador-Links/Back-End/src/database/config/database.ts"],"names":[],"mappings":";AAAA,yBAAuB;AAGvB,MAAM,MAAM,GAAY;IACtB,QAAQ,EAAE,OAAO,CAAC,GAAG,CAAC,OAAO;IAC7B,QAAQ,EAAE,OAAO,CAAC,GAAG,CAAC,OAAO;IAC7B,QAAQ,EAAE,OAAO,CAAC,GAAG,CAAC,WAAW;IACjC,IAAI,EAAE,OAAO,CAAC,GAAG,CAAC,OAAO;IACzB,IAAI,EAAE,MAAM,CAAC,OAAO,CAAC,GAAG,CAAC,OAAO,CAAC;IACjC,OAAO,EAAE,UAAU;CACpB,CAAC;AAEF,iBAAS,MAAM,CAAC","sourcesContent":["import 'dotenv/config';\nimport { Options } from 'sequelize';\n\nconst config: Options = {\n  username: process.env.DB_USER,\n  password: process.env.DB_PASS,\n  database: process.env.DB_DATABASE,\n  host: process.env.DB_HOST,\n  port: Number(process.env.DB_PORT),\n  dialect: 'postgres',\n};\n\nexport = config;\n"]},"_coverageSchema":"1a1c01bbd47fc00a2c39e90264f33305004495a9","hash":"a5cbccaeac8989cf10be6d973c78521861d928c6","contentHash":"284337eea2dbba8ab2c7e0936864fe932212f6a4a814680175c0fa78b235f8bb"},"/home/guilherme/Documentos/Projetos-Pessoais/Gerenciador-Links/Back-End/src/database/models/User.ts":{"path":"/home/guilherme/Documentos/Projetos-Pessoais/Gerenciador-Links/Back-End/src/database/models/User.ts","statementMap":{"0":{"start":{"line":2,"column":22},"end":{"line":4,"column":1}},"1":{"start":{"line":3,"column":4},"end":{"line":3,"column":62}},"2":{"start":{"line":5,"column":0},"end":{"line":5,"column":62}},"3":{"start":{"line":6,"column":20},"end":{"line":6,"column":40}},"4":{"start":{"line":7,"column":11},"end":{"line":7,"column":40}},"5":{"start":{"line":10,"column":0},"end":{"line":33,"column":3}},"6":{"start":{"line":34,"column":0},"end":{"line":34,"column":23}}},"fnMap":{"0":{"name":"(anonymous_0)","decl":{"start":{"line":2,"column":56},"end":{"line":2,"column":57}},"loc":{"start":{"line":2,"column":71},"end":{"line":4,"column":1}},"line":2}},"branchMap":{"0":{"loc":{"start":{"line":2,"column":22},"end":{"line":4,"column":1}},"type":"binary-expr","locations":[{"start":{"line":2,"column":23},"end":{"line":2,"column":27}},{"start":{"line":2,"column":31},"end":{"line":2,"column":51}},{"start":{"line":2,"column":56},"end":{"line":4,"column":1}}],"line":2},"1":{"loc":{"start":{"line":3,"column":11},"end":{"line":3,"column":61}},"type":"cond-expr","locations":[{"start":{"line":3,"column":37},"end":{"line":3,"column":40}},{"start":{"line":3,"column":43},"end":{"line":3,"column":61}}],"line":3},"2":{"loc":{"start":{"line":3,"column":12},"end":{"line":3,"column":33}},"type":"binary-expr","locations":[{"start":{"line":3,"column":12},"end":{"line":3,"column":15}},{"start":{"line":3,"column":19},"end":{"line":3,"column":33}}],"line":3}},"s":{"0":1,"1":1,"2":1,"3":1,"4":1,"5":1,"6":1},"f":{"0":1},"b":{"0":[1,1,1],"1":[1,0],"2":[1,1]},"inputSourceMap":{"version":3,"file":"/home/guilherme/Documentos/Projetos-Pessoais/Gerenciador-Links/Back-End/src/database/models/User.ts","sources":["/home/guilherme/Documentos/Projetos-Pessoais/Gerenciador-Links/Back-End/src/database/models/User.ts"],"names":[],"mappings":";;;;;AAAA,yCAAmD;AACnD,yCAAmB;AAEnB,MAAM,IAAK,SAAQ,iBAAK;CAKvB;AAED,IAAI,CAAC,IAAI,CAAC;IACR,EAAE,EAAE;QACF,IAAI,EAAE,mBAAO;QACb,SAAS,EAAE,KAAK;QAChB,UAAU,EAAE,IAAI;QAChB,aAAa,EAAE,IAAI;KACpB;IACD,IAAI,EAAE;QACJ,IAAI,EAAE,kBAAM;QACZ,SAAS,EAAE,KAAK;KACjB;IACD,KAAK,EAAE;QACL,IAAI,EAAE,kBAAM;QACZ,SAAS,EAAE,KAAK;KACjB;IACD,QAAQ,EAAE;QACR,IAAI,EAAE,kBAAM;QACZ,SAAS,EAAE,KAAK;KACjB;CACF,EAAE;IACD,SAAS,EAAE,UAAE;IACb,SAAS,EAAE,OAAO;IAClB,UAAU,EAAE,KAAK;CAClB,CAAC,CAAC;AAEH,kBAAe,IAAI,CAAC","sourcesContent":["import { INTEGER, Model, STRING } from 'sequelize';\nimport db from '.';\n\nclass User extends Model {\n  id!: number;\n  name!: string;\n  email!: string;\n  password!: string;\n}\n\nUser.init({\n  id: {\n    type: INTEGER,\n    allowNull: false,\n    primaryKey: true,\n    autoIncrement: true,\n  },\n  name: {\n    type: STRING,\n    allowNull: false,\n  },\n  email: {\n    type: STRING,\n    allowNull: false,\n  },\n  password: {\n    type: STRING,\n    allowNull: false,\n  },\n}, {\n  sequelize: db,\n  modelName: 'users',\n  timestamps: false,\n});\n\nexport default User;"]},"_coverageSchema":"1a1c01bbd47fc00a2c39e90264f33305004495a9","hash":"4ff5a50df71ea655d0a974cb14c724d3ec96f7bf","contentHash":"cbe1445c9e774140c41b3f545b75ce0235dc50ae39bd2a7ddfa37515b4d3dcea"},"/home/guilherme/Documentos/Projetos-Pessoais/Gerenciador-Links/Back-End/src/utils/validateBody.ts":{"path":"/home/guilherme/Documentos/Projetos-Pessoais/Gerenciador-Links/Back-End/src/utils/validateBody.ts","statementMap":{"0":{"start":{"line":2,"column":22},"end":{"line":4,"column":1}},"1":{"start":{"line":3,"column":4},"end":{"line":3,"column":62}},"2":{"start":{"line":5,"column":0},"end":{"line":5,"column":62}},"3":{"start":{"line":6,"column":0},"end":{"line":6,"column":65}},"4":{"start":{"line":7,"column":14},"end":{"line":7,"column":45}},"5":{"start":{"line":8,"column":27},"end":{"line":18,"column":1}},"6":{"start":{"line":9,"column":19},"end":{"line":13,"column":6}},"7":{"start":{"line":14,"column":29},"end":{"line":14,"column":49}},"8":{"start":{"line":15,"column":4},"end":{"line":16,"column":20}},"9":{"start":{"line":16,"column":8},"end":{"line":16,"column":20}},"10":{"start":{"line":17,"column":4},"end":{"line":17,"column":17}},"11":{"start":{"line":19,"column":0},"end":{"line":19,"column":48}},"12":{"start":{"line":20,"column":27},"end":{"line":30,"column":1}},"13":{"start":{"line":21,"column":19},"end":{"line":25,"column":6}},"14":{"start":{"line":26,"column":29},"end":{"line":26,"column":49}},"15":{"start":{"line":27,"column":4},"end":{"line":28,"column":20}},"16":{"start":{"line":28,"column":8},"end":{"line":28,"column":20}},"17":{"start":{"line":29,"column":4},"end":{"line":29,"column":17}},"18":{"start":{"line":31,"column":0},"end":{"line":31,"column":48}}},"fnMap":{"0":{"name":"(anonymous_0)","decl":{"start":{"line":2,"column":56},"end":{"line":2,"column":57}},"loc":{"start":{"line":2,"column":71},"end":{"line":4,"column":1}},"line":2},"1":{"name":"(anonymous_1)","decl":{"start":{"line":8,"column":27},"end":{"line":8,"column":28}},"loc":{"start":{"line":8,"column":36},"end":{"line":18,"column":1}},"line":8},"2":{"name":"(anonymous_2)","decl":{"start":{"line":20,"column":27},"end":{"line":20,"column":28}},"loc":{"start":{"line":20,"column":36},"end":{"line":30,"column":1}},"line":20}},"branchMap":{"0":{"loc":{"start":{"line":2,"column":22},"end":{"line":4,"column":1}},"type":"binary-expr","locations":[{"start":{"line":2,"column":23},"end":{"line":2,"column":27}},{"start":{"line":2,"column":31},"end":{"line":2,"column":51}},{"start":{"line":2,"column":56},"end":{"line":4,"column":1}}],"line":2},"1":{"loc":{"start":{"line":3,"column":11},"end":{"line":3,"column":61}},"type":"cond-expr","locations":[{"start":{"line":3,"column":37},"end":{"line":3,"column":40}},{"start":{"line":3,"column":43},"end":{"line":3,"column":61}}],"line":3},"2":{"loc":{"start":{"line":3,"column":12},"end":{"line":3,"column":33}},"type":"binary-expr","locations":[{"start":{"line":3,"column":12},"end":{"line":3,"column":15}},{"start":{"line":3,"column":19},"end":{"line":3,"column":33}}],"line":3},"3":{"loc":{"start":{"line":15,"column":4},"end":{"line":16,"column":20}},"type":"if","locations":[{"start":{"line":15,"column":4},"end":{"line":16,"column":20}},{"start":{"line":15,"column":4},"end":{"line":16,"column":20}}],"line":15},"4":{"loc":{"start":{"line":27,"column":4},"end":{"line":28,"column":20}},"type":"if","locations":[{"start":{"line":27,"column":4},"end":{"line":28,"column":20}},{"start":{"line":27,"column":4},"end":{"line":28,"column":20}}],"line":27}},"s":{"0":1,"1":1,"2":1,"3":1,"4":1,"5":1,"6":0,"7":0,"8":0,"9":0,"10":0,"11":1,"12":1,"13":4,"14":4,"15":4,"16":1,"17":3,"18":1},"f":{"0":1,"1":0,"2":4},"b":{"0":[1,1,1],"1":[0,1],"2":[1,1],"3":[0,0],"4":[1,3]},"inputSourceMap":{"version":3,"file":"/home/guilherme/Documentos/Projetos-Pessoais/Gerenciador-Links/Back-End/src/utils/validateBody.ts","sources":["/home/guilherme/Documentos/Projetos-Pessoais/Gerenciador-Links/Back-End/src/utils/validateBody.ts"],"names":[],"mappings":";;;;;;AAAA,8CAAsB;AAIf,MAAM,kBAAkB,GAAG,CAAC,GAAU,EAAE,EAAE;IAC/C,MAAM,MAAM,GAAG,aAAG,CAAC,MAAM,CAAC;QACxB,GAAG,EAAE,aAAG,CAAC,MAAM,EAAE,CAAC,QAAQ,EAAE;QAC5B,KAAK,EAAE,aAAG,CAAC,MAAM,EAAE,CAAC,QAAQ,EAAE;QAC9B,MAAM,EAAE,aAAG,CAAC,MAAM,EAAE,CAAC,OAAO,EAAE,CAAC,QAAQ,EAAE;KAC1C,CAAC,CAAC;IAEH,MAAM,EAAE,KAAK,EAAE,KAAK,EAAE,GAAG,MAAM,CAAC,QAAQ,CAAC,GAAG,CAAC,CAAC;IAC9C,IAAI,KAAK;QAAE,MAAM,KAAK,CAAC;IACvB,OAAO,KAAK,CAAC;AACf,CAAC,CAAC;AAVW,QAAA,kBAAkB,sBAU7B;AAEK,MAAM,kBAAkB,GAAG,CAAC,GAAU,EAAE,EAAE;IAC/C,MAAM,MAAM,GAAG,aAAG,
[...]
:{"name":"(anonymous_0)","decl":{"start":{"line":2,"column":56},"end":{"line":2,"column":57}},"loc":{"start":{"line":2,"column":71},"end":{"line":4,"column":1}},"line":2},"1":{"name":"(anonymous_1)","decl":{"start":{"line":12,"column":26},"end":{"line":12,"column":27}},"loc":{"start":{"line":24,"column":0},"end":{"line":24,"column":39}},"line":24}},"branchMap":{"0":{"loc":{"start":{"line":2,"column":22},"end":{"line":4,"column":1}},"type":"binary-expr","locations":[{"start":{"line":2,"column":23},"end":{"line":2,"column":27}},{"start":{"line":2,"column":31},"end":{"line":2,"column":51}},{"start":{"line":2,"column":56},"end":{"line":4,"column":1}}],"line":2},"1":{"loc":{"start":{"line":3,"column":11},"end":{"line":3,"column":61}},"type":"cond-expr","locations":[{"start":{"line":3,"column":37},"end":{"line":3,"column":40}},{"start":{"line":3,"column":43},"end":{"line":3,"column":61}}],"line":3},"2":{"loc":{"start":{"line":3,"column":12},"end":{"line":3,"column":33}},"type":"binary-expr","locations":[{"start":{"line":3,"column":12},"end":{"line":3,"column":15}},{"start":{"line":3,"column":19},"end":{"line":3,"column":33}}],"line":3}},"s":{"0":1,"1":2,"2":1,"3":1,"4":1,"5":1,"6":1,"7":1,"8":1,"9":1,"10":3,"11":1},"f":{"0":2,"1":3},"b":{"0":[1,1,1],"1":[2,0],"2":[2,2]},"inputSourceMap":{"version":3,"file":"/home/guilherme/Documentos/Projetos-Pessoais/Gerenciador-Links/Back-End/src/routes/login.route.ts","sources":["/home/guilherme/Documentos/Projetos-Pessoais/Gerenciador-Links/Back-End/src/routes/login.route.ts"],"names":[],"mappings":";;;;;AAAA,qCAAiC;AACjC,qFAA6D;AAC7D,4EAAoD;AAEpD,MAAM,UAAU,GAAG,IAAA,gBAAM,GAAE,CAAC;AAC5B,MAAM,YAAY,GAAG,IAAI,sBAAY,EAAE,CAAC;AACxC,MAAM,eAAe,GAAG,IAAI,yBAAe,CAAC,YAAY,CAAC,CAAC;AAE1D,UAAU,CAAC,IAAI,CAAC,QAAQ,EAAE,CAAC,GAAG,EAAE,GAAG,EAAE,EAAE,CAAC;AACtC;;;;;;;;;;IAUI;AACJ,eAAe,CAAC,aAAa,CAAC,GAAG,EAAE,GAAG,CAAC,CACxC,CAAC,CAAC;AAEH,kBAAe,UAAU,CAAC","sourcesContent":["import { Router } from 'express';\nimport LoginController from '../controllers/loginController';\nimport LoginService from '../services/LoginService';\n\nconst loginRoute = Router();\nconst loginService = new LoginService();\nconst loginController = new LoginController(loginService);\n\nloginRoute.post('/login', (req, res) => (\n  /*\n  #swagger.tags = ['Login']\n  #swagger.description = 'Endpoint para se autenticar na plataforma.'\n  #swagger.parameters['obj'] = {\n    in: 'body',\n    schema: { $ref: '#/definitions/Login' }\n  }\n  #swagger.responses[200] = {\n    description: 'Login efetuado com sucesso.',\n    schema: { $ref: '#/definitions/LoginResponse' }\n  } */\n  loginController.authenticator(req, res)\n));\n\nexport default loginRoute;"]},"_coverageSchema":"1a1c01bbd47fc00a2c39e90264f33305004495a9","hash":"66a8a0c7888d8ae49884b65fca9d8cfe8d32bd21","contentHash":"ff7f1c54f9adb8053936728bd1c403481918dbe51cb391b1df47ce2a18a72890"},"/home/guilherme/Documentos/Projetos-Pessoais/Gerenciador-Links/Back-End/src/routes/user.route.ts":{"path":"/home/guilherme/Documentos/Projetos-Pessoais/Gerenciador-Links/Back-End/src/routes/user.route.ts","statementMap":{"0":{"start":{"line":2,"column":22},"end":{"line":4,"column":1}},"1":{"start":{"line":3,"column":4},"end":{"line":3,"column":62}},"2":{"start":{"line":5,"column":0},"end":{"line":5,"column":62}},"3":{"start":{"line":6,"column":18},"end":{"line":6,"column":36}},"4":{"start":{"line":7,"column":26},"end":{"line":7,"column":84}},"5":{"start":{"line":8,"column":25},"end":{"line":8,"column":82}},"6":{"start":{"line":9,"column":23},"end":{"line":9,"column":75}},"7":{"start":{"line":10,"column":22},"end":{"line":10,"column":73}},"8":{"start":{"line":11,"column":21},"end":{"line":11,"column":49}},"9":{"start":{"line":12,"column":24},"end":{"line":12,"column":67}},"10":{"start":{"line":13,"column":18},"end":{"line":13,"column":41}},"11":{"start":{"line":14,"column":20},"end":{"line":14,"column":47}},"12":{"start":{"line":15,"column":23},"end":{"line":15,"column":64}},"13":{"start":{"line":16,"column":0},"end":{"line":27,"column":34}},"14":{"start":{"line":27,"column":0},"end":{"line":27,"column":31}},"15":{"start":{"line":28,"column":0},"end":{"line":40,"column":58}},"16":{"start":{"line":40,"column":0},"end":{"line":40,"column":55}},"17":{"start":{"line":41,"column":0},"end":{"line":48,"column":32}},"18":{"start":{"line":48,"column":0},"end":{"line":48,"column":29}},"19":{"start":{"line":49,"column":0},"end":{"line":56,"column":35}},"20":{"start":{"line":56,"column":0},"end":{"line":56,"column":32}},"21":{"start":{"line":57,"column":0},"end":{"line":70,"column":34}},"22":{"start":{"line":70,"column":0},"end":{"line":70,"column":31}},"23":{"start":{"line":71,"column":0},"end":{"line":78,"column":34}},"24":{"start":{"line":78,"column":0},"end":{"line":78,"column":31}},"25":{"start":{"line":79,"column":0},"end":{"line":79,"column":28}}},"fnMap":{"0":{"name":"(anonymous_0)","decl":{"start":{"line":2,"column":56},"end":{"line":2,"column":57}},"loc":{"start":{"line":2,"column":71},"end":{"line":4,"column":1}},"line":2},"1":{"name":"(anonymous_1)","decl":{"start":{"line":16,"column":24},"end":{"line":16,"column":25}},"loc":{"start":{"line":27,"column":0},"end":{"line":27,"column":31}},"line":27},"2":{"name":"(anonymous_2)","decl":{"start":{"line":28,"column":14},"end":{"line":28,"column":15}},"loc":{"start":{"line":40,"column":0},"end":{"line":40,"column":55}},"line":40},"3":{"name":"(anonymous_3)","decl":{"start":{"line":41,"column":23},"end":{"line":41,"column":24}},"loc":{"start":{"line":48,"column":0},"end":{"line":48,"column":29}},"line":48},"4":{"name":"(anonymous_4)","decl":{"start":{"line":49,"column":28},"end":{"line":49,"column":29}},"loc":{"start":{"line":56,"column":0},"end":{"line":56,"column":32}},"line":56},"5":{"name":"(anonymous_5)","decl":{"start":{"line":57,"column":27},"end":{"line":57,"column":28}},"loc":{"start":{"line":70,"column":0},"end":{"line":70,"column":31}},"line":70},"6":{"name":"(anonymous_6)","decl":{"start":{"line":71,"column":30},"end":{"line":71,"column":31}},"loc":{"start":{"line":78,"column":0},"end":{"line":78,"column":31}},"line":78}},"branchMap":{"0":{"loc":{"start":{"line":2,"column":22},"end":{"line":4,"column":1}},"type":"binary-expr","locations":[{"start":{"line":2,"column":23},"end":{"line":2,"column":27}},{"start":{"line":2,"column":31},"end":{"line":2,"column":51}},{"start":{"line":2,"column":56},"end":{"line":4,"column":1}}],"line":2},"1":{"loc":{"start":{"line":3,"column":11},"end":{"line":3,"column":61}},"type":"cond-expr","locations":[{"start":{"line":3,"column":37},"end":{"line":3,"column":40}},{"start":{"line":3,"column":43},"end":{"line":3,"column":61}}],"line":3},"2":{"loc":{"start":{"line":3,"column":12},"end":{"line":3,"column":33}},"type":"binary-expr","locations":[{"start":{"line":3,"column":12},"end":{"line":3,"column":15}},{"start":{"line":3,"column":19},"end":{"line":3,"column":33}}],"line":3}},"s":{"0":1,"1":4,"2":1,"3":1,"4":1,"5":1,"6":1,"7":1,"8":1,"9":1,"10":1,"11":1,"12":1,"13":1,"14":3,"15":1,"16":6,"17":1,"18":1,"19":1,"20":2,"21":1,"22":1,"23":1,"24":2,"25":1},"f":{"0":4,"1":3,"2":6,"3":1,"4":2,"5":1,"6":2},"b":{"0":[1,1,1],"1":[4,0],"2":[4,4]},"inputSourceMap":{"version":3,"file":"/home/guilherme/Documentos/Projetos-Pessoais/Gerenciador-Links/Back-End/src/routes/user.route.ts","sources":["/home/guilherme/Documentos/Projetos-Pessoais/Gerenciador-Links/Back-End/src/routes/user.route.ts"],"names":[],"mappings":";;;;;AAAA,qCAAiC;AACjC,qFAA6D;AAC7D,mFAA2D;AAC3D,4EAAoD;AACpD,0EAAkD;AAElD,MAAM,YAAY,GAAG,IAAI,sBAAY,EAAE,CAAC;AACxC,MAAM,eAAe,GAAG,IAAI,yBAAe,CAAC,YAAY,CAAC,CAAC;AAE1D,MAAM,SAAS,GAAG,IAAA,gBAAM,GAAE,CAAC;AAE3B,MAAM,WAAW,GAAG,IAAI,qBAAW,EAAE,CAAC;AACtC,MAAM,cAAc,GAAG,IAAI,wBAAc,CAAC,WAAW,CAAC,CAAC;AAEvD,SAAS,CAAC,IAAI,CAAC,OAAO,EAAE,CAAC,GAAG,EAAE,GAAG,EAAE,EAAE,CAAC;AACpC;;;;;;;;;IASI;AACJ,cAAc,CAAC,MAAM,CAAC,GAAG,EAAE,GAAG,CAAC,CAChC,CAAC,CAAC;AAEH,SAAS,CAAC,GAAG,CAAC,CAAC,GAAG,EAAE,GAAG,EAAE,IAAI,EAAE,EAAE,CAAC;AAChC;;;;;;;;;;EAUE;AACF,eAAe,CAAC,uBAAuB,CAAC,GAAG,EAAE,GAAG,EAAE,IAAI,CAAC,CACxD,CAAC,CAAC;AACH,SAAS,CAAC,GAAG,CAAC,OAAO,EAAE,CAAC,GAAG,EAAE,GAAG,EAAE,EAAE,CAAC;AACnC;;;;;IAKI;AACJ,cAAc,CAAC,IAAI,CAAC,GAAG,EAAE,GAAG,CAAC,CAC9B,CAAC,CAAC;AAEH,SAAS,CAAC,GAAG,CAAC,YAAY,EAAE,CAAC,GAAG,EAAE,GAAG,EAAE,EAAE,CAAC;AACxC;;;;;IAKI;AACJ,cAAc,CAAC,OAAO,CAAC,GAAG,EAAE,GAAG,CAAC,CACjC,CAAC,CAAC;AAEH,SAAS,CAAC,GAAG,CAAC,WAAW,EAAE,CAAC,GAAG,EAAE,GAAG,EAAE,EAAE,CAAC;AACvC;;;;;;;;;;;IAWI;AACJ,cAAc,CAAC,MAAM,CAAC,GAAG,EAAE,GAAG,CAAC,CAChC,CAAC,CAAC;AAEH,SAAS,CAAC,MAAM,CAAC,WAAW,EAAE,CAAC,GAAG,EAAE,GAAG,EAAE,EAAE,CAAC;AAC1C;;;;;IAKI;AACJ,cAAc,CAAC,MAAM,CAAC,GAAG,EAAE,GAAG,CAAC,CAChC,CAAC,CAAC;AAEH,kBAAe,SAAS,CAAC","sourcesContent":["import { Router } from 'express';\nimport LoginController from '../controllers/loginController';\nimport UserController from '../controllers/userController';\nimport LoginService from '../services/LoginService';\nimport UserService from '../services/UserService';\n\nconst loginService = new LoginService();\nconst loginController = new LoginController(loginService);\n\nconst userRoute = Router();\n\nconst userService = new UserService();\nconst userController = new UserController(userService);\n\nuserRoute.post('/user', (req, res) => (\n  /* #swagger.tags = ['User']\n    #swagger.description = 'Endpoint para cadastrar um novo usuário.'\n    #swagger.parameters['obj'] = {\n      in: 'body',\n      schema: { $ref: '#/definitions/CreateUser' }\n    }\n    #swagger.responses[201] = {\n      description: 'User criado com sucesso.',\n      schema: { $ref: '#/definitions/LoginResponse' }\n  } */\n  userController.create(req, res)\n));\n\nuserRoute.use((req, res, next) => (\n  /*\n  #swagger.tags = ['User']\n  #swagger.parameters['obj'] = {\n    name: \"authorization\",\n    in: \"header\",\n    type: \"string\"\n  }\n  #swagger.security = [{\n    \"bearerAuth\": []\n  }]\n  */\n  loginController.validationAuthenticator(req, res, next)\n));\nuserRoute.get('/user', (req, res) => (\n  /*\n  #swagger.description = 'Endpoint para obter todos os usuários.'\n  #swagger.responses[200] = {\n    description: 'Listagem de usuários obtida com sucesso.',\n    schema: { $ref: '#/definitions/UserArray' }\n  } */\n  userController.read(req, res)\n));\n\nuserRoute.get('/user/info', (req, res) => (\n  /*\n  #swagger.description = 'Endpoint para obter um usuário especifico através de dados obtidos via token jwt.'\n  #swagger.responses[200] = {\n    description: 'Usuário obtido com sucesso.',\n    schema: { $ref: '#/definitions/User' }\n  } */\n  userController.readOne(req, res)\n));\n\nuserRoute.put('/user/:id', (req, res) => (\n  /*\n  #swagger.description = 'Endpoint para atualizar os dados de um usuário.'\n  #swagger.parameters['id'] = { description: 'ID do usuário.' }\n  #swagger.parameters['obj'] = {\n      in: 'body',\n      type: 'object',\n      schema: { $ref: '#/definitions/CreateUser' }\n  }\n  #swagger.responses[200] = {\n    description: 'Usuário editado com sucesso.',\n    schema: { $ref: '#/definitions/User' }\n  } */\n  userController.update(req, res)\n));\n\nuserRoute.delete('/user/:id', (req, res) => (\n  /*\n  #swagger.description = 'Endpoint para deletar um usuário.'\n  #swagger.parameters['id'] = { description: 'ID do usuário.' }\n  #swagger.responses[204] = {\n    description: 'Usuário deletado com sucesso.',\n  } */\n  userController.delete(req, res)\n));\n\nexport default userRoute;"]},"_coverageSchema":"1a1c01bbd47fc00a2c39e90264f33305004495a9","hash":"d92795ed7238a327de97ef213af3e225018a6877","contentHash":"dd6e477a836d283c4fc797c74c34e44b0028ed5f3e0561fd79b46b1717f2a445"},"/home/guilherme/Documentos/Projetos-Pessoais/Gerenciador-Links/Back-End/src/controllers/userController.ts":{"path":"/home/guilherme/Documentos/Projetos-Pessoais/Gerenciador-Links/Back-End/src/controllers/userController.ts","statementMap":{"0":{"start":{"line":2,"column":22},"end":{"line":4,"column":1}},"1":{"start":{"line":3,"column":4},"end":{"line":3,"column":62}},"2":{"start":{"line":5,"column":0},"end":{"line":5,"column":62}},"3":{"start":{"line":6,"column":21},"end":{"line":6,"column":71}},"4":{"start":{"line":7,"column":29},"end":{"line":7,"column":77}},"5":{"start":{"line":10,"column":8},"end":{"line":10,"column":23}},"6":{"start":{"line":13,"column":34},"end":{"line":13,"column":45}},"7":{"start":{"line":14,"column":21},"end":{"line":14,"column":70}},"8":{"start":{"line":15,"column":20},"end":{"line":15,"column":56}},"9":{"start":{"line":16,"column":8},"end":{"line":16,"column":41}},"10":{"start":{"line":19,"column":0},"end":{"line":19,"column":33}}},"fnMap":{"0":{"name":"(anonymous_0)","decl":{"start":{"line":2,"column":56},"end":{"line":2,"column":57}},"loc":{"start":{"line":2,"column":71},"end":{"line":4,"column":1}},"line":2},"1":{"name":"(anonymous_1)","decl":{"start":{"line":9,"column":4},"end":{"line":9,"column":5}},"loc":{"start":{"line":9,"column":25},"end":{"line":11,"column":5}},"line":9},"2":{"name":"(anonymous_2)","decl":{"start":{"line":12,"column":4},"end":{"line":12,"column":5}},"loc":{"start":{"line":12,"column":28},"end":{"line":17,"column":5}},"line":12}},"branchMap":{"0":{"loc":{"start":{"line":2,"column":22},"end":{"line":4,"column":1}},"type":"binary-expr","locations":[{"start":{"line":2,"column":23},"end":{"line":2,"column":27}},{"start":{"line":2,"column":31},"end":{"line":2,"column":51}},{"start":{"line":2,"column":56},"end":{"line":4,"column":1}}],"line":2},"1":{"loc":{"start":{"line":3,"column":11},"end":{"line":3,"column":61}},"type":"cond-expr","locations":[{"start":{"line":3,"column":37},"end":{"line":3,"column":40}},{"start":{"line":3,"column":43},"end":{"line":3,"column":61}}],"line":3},"2":{"loc":{"start":{"line":3,"column":12},"end":{"line":3,"column":33}},"type":"binary-expr","locations":[{"start":{"line":3,"column":12},"end":{"line":3,"column":15}},{"start":{"line":3,"column":19},"end":{"line":3,"column":33}}],"line":3}},"s":{"0":1,"1":2,"2":1,"3":1,"4":1,"5":1,"6":2,"7":2,"8":2,"9":1,"10":1},"f":{"0":2,"1":1,"2":2},"b":{"0":[1,1,1],"1":[2,0],"2":[2,2]},"inputSourceMap":{"version":3,"file":"/home/guilherme/Documentos/Projetos-Pessoais/Gerenciador-Links/Back-End/src/controllers/userController.ts","sources":["/home/guilherme/Documentos/Projetos-Pessoais/Gerenciador-Links/Back-End/src/controllers/userController.ts"],"names":[],"mappings":";;;;;AAGA,wEAAgD;AAChD,8EAAsD;AAEtD,MAAqB,cAAe,SAAQ,4BAAyB;IACnE,YAAmB,OAAwB;QACzC,KAAK,CAAC,OAAO,CAAC,CAAC;IACjB,CAAC;IAEM,KAAK,CAAC,OAAO,CAAC,GAAY,EAAE,GAAa;QAC9C,MAAM,EAAE,aAAa,EAAE,GAAG,GAAG,CAAC,OAAO,CAAC;QAEtC,MAAM,IAAI,GAAG,oBAAU,CAAC,aAAa,CAAC,aAAuB,CAAC,CAAC;QAC/D,MAAM,GAAG,GAAG,MAAM,IAAI,CAAC,QAAQ,CAAC,OAAO,CAAC,IAAI,CAAC,EAAE,CAAC,CAAC;QAEjD,OAAO,GAAG,CAAC,MAAM,CAAC,GAAG,CAAC,CAAC,IAAI,CAAC,GAAG,CAAC,CAAC;IACnC,CAAC;CACF;AAbD,iCAaC","sourcesContent":["import { Request, Response } from 'express';\nimport IService from '../interfaces/IService';\nimport IUser from '../interfaces/IUser';\nimport JwtService from '../services/JwtService';\nimport AbstractController from './abstractController';\n\nexport default class UserController extends AbstractController<IUser> {\n  public constructor(service: IService<IUser>) {\n    super(service);\n  }\n\n  public async readOne(req: Request, res: Response) {\n    const { authorization } = req.headers;\n\n    const data = JwtService.validateToken(authorization as string);\n    const obj = await this._service.readOne(data.id);\n\n    return res.status(200).json(obj);\n  }\n}"]},"_coverageSchema":"1a1c01bbd47fc00a2c39e90264f33305004495a9","hash":"4f75ab9d75a12824dfe90a02282acb3c3a9009f2","contentHash":"5dc5fc828d321b57ffab61d4a57a66f0617549e746f18da31b5781b5e343d4ee"},"/home/guilherme/Documentos/Projetos-Pessoais/Gerenciador-Links/Back-End/src/tests/mocks/login.ts":{"path":"/home/guilherme/Documentos/Projetos-Pessoais/Gerenciador-Links/Back-End/src/tests/mocks/login.ts","statementMap":{"0":{"start":{"line":2,"column":0},"end":{"line":2,"column":62}},"1":{"start":{"line":3,"column":0},"end":{"line":3,"column":98}},"2":{"start":{"line":4,"column":0},"end":{"line":7,"column":2}},"3":{"start":{"line":8,"column":0},"end":{"line":11,"column":2}},"4":{"start":{"line":12,"column":0},"end":{"line":17,"column":2}},"5":{"start":{"line":18,"column":0},"end":{"line":18,"column":31}}},"fnMap":{},"branchMap":{},"s":{"0":1,"1":1,"2":1,"3":1,"4":1,"5":1},"f":{},"b":{},"inputSourceMap":{"version":3,"file":"/home/guilherme/Documentos/Projetos-Pessoais/Gerenciador-Links/Back-End/src/tests/mocks/login.ts","sources":["/home/guilherme/Documentos/Projetos-Pessoais/Gerenciador-Links/Back-End/src/tests/mocks/login.ts"],"names":[],"mappings":";;;AAGa,QAAA,SAAS,GAAW;IAC/B,KAAK,EAAE,mBAAmB;IAC1B,QAAQ,EAAE,QAAQ;CACnB,CAAC;AAEW,QAAA,gBAAgB,GAAW;IACtC,KAAK,EAAE,kBAAkB;IACzB,QAAQ,EAAE,QAAQ;CACnB,CAAC;AAEW,QAAA,aAAa,GAAU;IAClC,EAAE,EAAE,CAAC;IACL,IAAI,EAAE,UAAU;IAChB,KAAK,EAAE,mBAAmB;IAC1B,QAAQ,EAAE,QAAQ;CACnB,CAAA;AAEY,QAAA,SAAS,GAAG,UAAU,CAAC","sourcesContent":["import ILogin from 'src/interfaces/ILogin';\nimport IUser from 'src/interfaces/IUser';\n\nexport const mockLogin: ILogin = {\n  email: 'anyemail@test.com',\n  password: '123456',\n};\n\nexport const mockLoginInvalid: ILogin = {\n  email: 'anyemailtest.com',\n  password: '123456',\n};\n\nexport const mockUserLogin: IUser = {\n  id: 2,\n  name: 'any_name',\n  email: 'anyemail@test.com',\n  password: '123456',\n}\n\nexport const mockToken = 'anytoken';"]},"_coverageSchema":"1a1c01bbd47fc00a2c39e90264f33305004495a9","hash":"d1779019249b9ca3cb385b40a4cf853014c7cfe6","contentHash":"35eb833b2e10a0814a320b488e2deac27fd964f329db1b6764444f5f377fc366"},"/home/guilherme/Documentos/Projetos-Pessoais/Gerenciador-Links/Back-End/src/tests/mocks/user.ts":{"path":"/home/guilherme/Documentos/Projetos-Pessoais/Gerenciador-Links/Back-End/src/tests/mocks/user.ts","statementMap":{"0":{"start":{"line":2,"column":0},"end":{"line":2,"column":62}},"1":{"start":{"line":3,"column":0},"end":{"line":3,"column":107}},"2":{"start":{"line":4,"column":0},"end":{"line":9,"column":2}},"3":{"start":{"line":10,"column":0},"end":{"line":14,"column":2}},"4":{"start":{"line":15,"column":0},"end":{"line":19,"column":2}},"5":{"start":{"line":20,"column":0},"end":{"line":33,"column":2}}},"fnMap":{},"branchMap":{},"s":{"0":1,"1":1,"2":1,"3":1,"4":1,"5":1},"f":{},"b":{},"inputSourceMap":{"version":3,"file":"/home/guilherme/Documentos/Projetos-Pessoais/Gerenciador-Links/Back-End/src/tests/mocks/user.ts","sources":["/home/guilherme/Documentos/Projetos-Pessoais/Gerenciador-Links/Back-End/src/tests/mocks/user.ts"],"names":[],"mappings":";;;AAEa,QAAA,QAAQ,GAAU;IAC7B,EAAE,EAAE,CAAC;IACL,IAAI,EAAE,UAAU;IAChB,KAAK,EAAE,mBAAmB;IAC1B,QAAQ,EAAE,QAAQ;CACnB,CAAA;AAEY,QAAA,cAAc,GAAU;IACnC,IAAI,EAAE,UAAU;IAChB,KAAK,EAAE,mBAAmB;IAC1B,QAAQ,EAAE,QAAQ;CACnB,CAAA;AACY,QAAA,qBAAqB,GAAU;IAC1C,IAAI,EAAE,UAAU;IAChB,KAAK,EAAE,kBAAkB;IACzB,QAAQ,EAAE,QAAQ;CACnB,CAAA;AAEY,QAAA,aAAa,GAAY;IACpC;QACE,EAAE,EAAE,CAAC;QACL,IAAI,EAAE,UAAU;QAChB,KAAK,EAAE,mBAAmB;QAC1B,QAAQ,EAAE,QAAQ;KACnB;IACD;QACE,EAAE,EAAE,CAAC;QACL,IAAI,EAAE,WAAW;QACjB,KAAK,EAAE,oBAAoB;QAC3B,QAAQ,EAAE,QAAQ;KACnB;CACF,CAAA","sourcesContent":["import IUser from \"../../interfaces/IUser\";\n\nexport const mockUser: IUser = {\n  id: 2,\n  name: 'any_name',\n  email: 'anyemail@test.com',\n  password: '123456',\n}\n\nexport const mockUserCreate: IUser = {\n  name: 'any_name',\n  email: 'anyemail@test.com',\n  password: '123456',\n}\nexport const mockUserCreateInvalid: IUser = {\n  name: 'any_name',\n  email: 'anyemailtest.com',\n  password: '123456',\n}\n\nexport const mockUserArray: IUser[] = [\n  {\n    id: 2,\n    name: 'any_name',\n    email: 'anyemail@test.com',\n    password: '123456',\n  },\n  {\n    id: 3,\n    name: 'any_name2',\n    email: 'anyemail2@test.com',\n    password: '123456',\n  }\n]\n"]},"_coverageSchema":"1a1c01bbd47fc00a2c39e90264f33305004495a9","hash":"bfe3349095482d98b1971b509ad7d305a41462ee","contentHash":"172e639f5fbbe02e0041a8a05a6db321e8843e0fe18650d665f15ae150e29144"}}